01:45:48 [INFO] supertrend_optimizer.data.timeframe: annualization_factor=252.0 (numeric) overrides annualization_basis='trading'; basis ignored.
01:45:48 [INFO] wf_grid.pipeline.orchestrator: ZigZag global stats built: global_median=0.003574, candidate_trigger_threshold=0.005917, n_legs=4535
01:45:48 [INFO] wf_grid.pipeline.orchestrator: Pipeline: 246 grid points \xd7 10 WF steps = 2460 total evaluations
01:47:06 [INFO] wf_grid.pipeline.orchestrator:   Parallel WF: 24/246 grid points done
01:47:50 [INFO] wf_grid.pipeline.orchestrator:   Parallel WF: 48/246 grid points done
01:49:01 [INFO] wf_grid.pipeline.orchestrator:   Parallel WF: 72/246 grid points done
01:49:45 [INFO] wf_grid.pipeline.orchestrator:   Parallel WF: 96/246 grid points done
01:50:56 [INFO] wf_grid.pipeline.orchestrator:   Parallel WF: 120/246 grid points done
01:51:41 [INFO] wf_grid.pipeline.orchestrator:   Parallel WF: 144/246 grid points done
01:52:52 [INFO] wf_grid.pipeline.orchestrator:   Parallel WF: 168/246 grid points done
01:53:36 [INFO] wf_grid.pipeline.orchestrator:   Parallel WF: 192/246 grid points done
01:54:46 [INFO] wf_grid.pipeline.orchestrator:   Parallel WF: 216/246 grid points done
01:55:29 [INFO] wf_grid.pipeline.orchestrator:   Parallel WF: 240/246 grid points done
01:55:58 [INFO] wf_grid.logging_.diagnostics: ============================================================
01:55:58 [INFO] wf_grid.logging_.diagnostics: Pipeline Diagnostics Summary
01:55:58 [INFO] wf_grid.logging_.diagnostics: ============================================================
01:55:58 [INFO] wf_grid.logging_.diagnostics: Grid: 246 points \xd7 10 WF steps
01:55:58 [INFO] wf_grid.logging_.diagnostics: Step status distribution: {'ok': 2460}
01:55:58 [INFO] wf_grid.logging_.diagnostics: Tier distribution: {1: 246}
01:55:58 [INFO] wf_grid.logging_.diagnostics: Top 5 ranked:
01:55:58 [INFO] wf_grid.logging_.diagnostics:   {'grid_rank': 1, 'grid_point_id': 'atr42_m1.00_revers', 'tier': 1, 'tester_seed_score': 0.9900816326530613, 'sum_pnl_pct_Median': 0.327504, 'seed_gate_passed': True}
01:55:58 [INFO] wf_grid.logging_.diagnostics:   {'grid_rank': 2, 'grid_point_id': 'atr41_m1.00_revers', 'tier': 1, 'tester_seed_score': 0.9834693877551021, 'sum_pnl_pct_Median': 0.19757900000000003, 'seed_gate_passed': True}
01:55:58 [INFO] wf_grid.logging_.diagnostics:   {'grid_rank': 3, 'grid_point_id': 'atr25_m1.00_revers', 'tier': 1, 'tester_seed_score': 0.9675510204081633, 'sum_pnl_pct_Median': 0.19261849999999955, 'seed_gate_passed': True}
01:55:58 [INFO] wf_grid.logging_.diagnostics:   {'grid_rank': 4, 'grid_point_id': 'atr26_m1.00_revers', 'tier': 1, 'tester_seed_score': 0.9670612244897959, 'sum_pnl_pct_Median': 0.2096030000000001, 'seed_gate_passed': True}
01:55:58 [INFO] wf_grid.logging_.diagnostics:   {'grid_rank': 5, 'grid_point_id': 'atr22_m1.00_revers', 'tier': 1, 'tester_seed_score': 0.9555510204081632, 'sum_pnl_pct_Median': 0.39627049999999936, 'seed_gate_passed': True}
01:55:58 [INFO] wf_grid.logging_.diagnostics: Timing breakdown:
01:55:58 [INFO] wf_grid.logging_.diagnostics:   config_load: 0.01s
01:55:58 [INFO] wf_grid.logging_.diagnostics:   data_load: 1.67s
01:55:58 [INFO] wf_grid.logging_.diagnostics:   data_validation: 0.03s
01:55:58 [INFO] wf_grid.logging_.diagnostics:   ppy_resolve: 0.00s
01:55:58 [INFO] wf_grid.logging_.diagnostics:   warmup_resolve: 0.00s
01:55:58 [INFO] wf_grid.logging_.diagnostics:   zigzag_global_stats: 0.20s
01:55:58 [INFO] wf_grid.logging_.diagnostics:   wf_slicing: 0.00s
01:55:58 [INFO] wf_grid.logging_.diagnostics:   grid_enum: 0.00s
01:55:58 [INFO] wf_grid.logging_.diagnostics:   wf_grid_execution: 596.14s
01:55:58 [INFO] wf_grid.logging_.diagnostics:   collection: 0.06s
01:55:58 [INFO] wf_grid.logging_.diagnostics:   metric_contracts: 0.12s
01:55:58 [INFO] wf_grid.logging_.diagnostics:   bucket_matrix_median: 0.08s
01:55:58 [INFO] wf_grid.logging_.diagnostics:   step_gates: 0.00s
01:55:58 [INFO] wf_grid.logging_.diagnostics:   aggregation: 0.48s
01:55:58 [INFO] wf_grid.logging_.diagnostics:   candidate_gates: 0.00s
01:55:58 [INFO] wf_grid.logging_.diagnostics:   scoring: 0.01s
01:55:58 [INFO] wf_grid.logging_.diagnostics:   ranking: 0.00s
01:55:58 [INFO] wf_grid.logging_.diagnostics:   top1_trade_export_filter: 0.03s
01:55:58 [INFO] wf_grid.logging_.diagnostics:   summary_build: 0.09s
01:55:58 [INFO] wf_grid.logging_.diagnostics:   xlsx_export: 13.52s
01:55:58 [INFO] wf_grid.logging_.diagnostics: ============================================================
Config:  C:\Users\Artem\Desktop\3.1_wf_grid\config\grid_matrix_037.yaml
Output:  C:\Users\Artem\Desktop\3.1_wf_grid\results\batch\grid_matrix_037_20260508_014546.xlsx


[OK] XLSX saved to: C:\Users\Artem\Desktop\3.1_wf_grid\results\batch\grid_matrix_037_20260508_014546.xlsx

Grid:        246 points x 10 WF steps
Step status: {'ok': 2460}
Tier dist:   {1: 246}

Top-5 ranked:
  {'grid_rank': 1, 'grid_point_id': 'atr42_m1.00_revers', 'tier': 1, 'tester_seed_score': 0.9900816326530613, 'sum_pnl_pct_Median': 0.327504, 'seed_gate_passed': True}
  {'grid_rank': 2, 'grid_point_id': 'atr41_m1.00_revers', 'tier': 1, 'tester_seed_score': 0.9834693877551021, 'sum_pnl_pct_Median': 0.19757900000000003, 'seed_gate_passed': True}
  {'grid_rank': 3, 'grid_point_id': 'atr25_m1.00_revers', 'tier': 1, 'tester_seed_score': 0.9675510204081633, 'sum_pnl_pct_Median': 0.19261849999999955, 'seed_gate_passed': True}
  {'grid_rank': 4, 'grid_point_id': 'atr26_m1.00_revers', 'tier': 1, 'tester_seed_score': 0.9670612244897959, 'sum_pnl_pct_Median': 0.2096030000000001, 'seed_gate_passed': True}
  {'grid_rank': 5, 'grid_point_id': 'atr22_m1.00_revers', 'tier': 1, 'tester_seed_score': 0.9555510204081632, 'sum_pnl_pct_Median': 0.39627049999999936, 'seed_gate_passed': True}

Timing:
  config_load              : 0.01s
  data_load                : 1.67s
  data_validation          : 0.03s
  ppy_resolve              : 0.00s
  warmup_resolve           : 0.00s
  zigzag_global_stats      : 0.20s
  wf_slicing               : 0.00s
  grid_enum                : 0.00s
  wf_grid_execution        : 596.14s
  collection               : 0.06s
  metric_contracts         : 0.12s
  bucket_matrix_median     : 0.08s
  step_gates               : 0.00s
  aggregation              : 0.48s
  candidate_gates          : 0.00s
  scoring                  : 0.01s
  ranking                  : 0.00s
  top1_trade_export_filter : 0.03s
  summary_build            : 0.09s
  xlsx_export              : 13.52s
