03:56:53 [INFO] supertrend_optimizer.data.timeframe: annualization_factor=252.0 (numeric) overrides annualization_basis='trading'; basis ignored.
03:56:53 [INFO] wf_grid.pipeline.orchestrator: ZigZag global stats built: global_median=0.003574, candidate_trigger_threshold=0.005917, n_legs=4535
03:56:53 [INFO] wf_grid.pipeline.orchestrator: Pipeline: 246 grid points \xd7 10 WF steps = 2460 total evaluations
03:58:12 [INFO] wf_grid.pipeline.orchestrator:   Parallel WF: 24/246 grid points done
03:58:57 [INFO] wf_grid.pipeline.orchestrator:   Parallel WF: 48/246 grid points done
04:00:09 [INFO] wf_grid.pipeline.orchestrator:   Parallel WF: 72/246 grid points done
04:00:53 [INFO] wf_grid.pipeline.orchestrator:   Parallel WF: 96/246 grid points done
04:02:06 [INFO] wf_grid.pipeline.orchestrator:   Parallel WF: 120/246 grid points done
04:02:49 [INFO] wf_grid.pipeline.orchestrator:   Parallel WF: 144/246 grid points done
04:04:02 [INFO] wf_grid.pipeline.orchestrator:   Parallel WF: 168/246 grid points done
04:04:46 [INFO] wf_grid.pipeline.orchestrator:   Parallel WF: 192/246 grid points done
04:05:59 [INFO] wf_grid.pipeline.orchestrator:   Parallel WF: 216/246 grid points done
04:06:41 [INFO] wf_grid.pipeline.orchestrator:   Parallel WF: 240/246 grid points done
04:07:12 [INFO] wf_grid.logging_.diagnostics: ============================================================
04:07:12 [INFO] wf_grid.logging_.diagnostics: Pipeline Diagnostics Summary
04:07:12 [INFO] wf_grid.logging_.diagnostics: ============================================================
04:07:12 [INFO] wf_grid.logging_.diagnostics: Grid: 246 points \xd7 10 WF steps
04:07:12 [INFO] wf_grid.logging_.diagnostics: Step status distribution: {'ok': 2460}
04:07:12 [INFO] wf_grid.logging_.diagnostics: Tier distribution: {1: 246}
04:07:12 [INFO] wf_grid.logging_.diagnostics: Top 5 ranked:
04:07:12 [INFO] wf_grid.logging_.diagnostics:   {'grid_rank': 1, 'grid_point_id': 'atr25_m1.00_revers', 'tier': 1, 'tester_seed_score': 0.9578775510204082, 'sum_pnl_pct_Median': -1.3109460000000002, 'seed_gate_passed': True}
04:07:12 [INFO] wf_grid.logging_.diagnostics:   {'grid_rank': 2, 'grid_point_id': 'atr24_m1.00_revers', 'tier': 1, 'tester_seed_score': 0.9456326530612245, 'sum_pnl_pct_Median': -1.5502485, 'seed_gate_passed': True}
04:07:12 [INFO] wf_grid.logging_.diagnostics:   {'grid_rank': 3, 'grid_point_id': 'atr21_m1.00_revers', 'tier': 1, 'tester_seed_score': 0.9404897959183673, 'sum_pnl_pct_Median': -1.5980964999999996, 'seed_gate_passed': True}
04:07:12 [INFO] wf_grid.logging_.diagnostics:   {'grid_rank': 4, 'grid_point_id': 'atr23_m1.00_revers', 'tier': 1, 'tester_seed_score': 0.94, 'sum_pnl_pct_Median': -1.3852569999999995, 'seed_gate_passed': True}
04:07:12 [INFO] wf_grid.logging_.diagnostics:   {'grid_rank': 5, 'grid_point_id': 'atr28_m1.00_revers', 'tier': 1, 'tester_seed_score': 0.9387755102040816, 'sum_pnl_pct_Median': -1.725358, 'seed_gate_passed': True}
04:07:12 [INFO] wf_grid.logging_.diagnostics: Timing breakdown:
04:07:12 [INFO] wf_grid.logging_.diagnostics:   config_load: 0.01s
04:07:12 [INFO] wf_grid.logging_.diagnostics:   data_load: 1.71s
04:07:12 [INFO] wf_grid.logging_.diagnostics:   data_validation: 0.03s
04:07:12 [INFO] wf_grid.logging_.diagnostics:   ppy_resolve: 0.00s
04:07:12 [INFO] wf_grid.logging_.diagnostics:   warmup_resolve: 0.00s
04:07:12 [INFO] wf_grid.logging_.diagnostics:   zigzag_global_stats: 0.21s
04:07:12 [INFO] wf_grid.logging_.diagnostics:   wf_slicing: 0.00s
04:07:12 [INFO] wf_grid.logging_.diagnostics:   grid_enum: 0.00s
04:07:12 [INFO] wf_grid.logging_.diagnostics:   wf_grid_execution: 604.37s
04:07:12 [INFO] wf_grid.logging_.diagnostics:   collection: 0.05s
04:07:12 [INFO] wf_grid.logging_.diagnostics:   metric_contracts: 0.12s
04:07:12 [INFO] wf_grid.logging_.diagnostics:   bucket_matrix_median: 0.08s
04:07:12 [INFO] wf_grid.logging_.diagnostics:   step_gates: 0.00s
04:07:12 [INFO] wf_grid.logging_.diagnostics:   aggregation: 0.48s
04:07:12 [INFO] wf_grid.logging_.diagnostics:   candidate_gates: 0.00s
04:07:12 [INFO] wf_grid.logging_.diagnostics:   scoring: 0.01s
04:07:12 [INFO] wf_grid.logging_.diagnostics:   ranking: 0.01s
04:07:12 [INFO] wf_grid.logging_.diagnostics:   top1_trade_export_filter: 0.02s
04:07:12 [INFO] wf_grid.logging_.diagnostics:   summary_build: 0.09s
04:07:12 [INFO] wf_grid.logging_.diagnostics:   xlsx_export: 14.01s
04:07:12 [INFO] wf_grid.logging_.diagnostics: ============================================================
Config:  C:\Users\Artem\Desktop\3.1_wf_grid\config\grid_matrix_050.yaml
Output:  C:\Users\Artem\Desktop\3.1_wf_grid\results\batch\grid_matrix_050_20260508_035650.xlsx


[OK] XLSX saved to: C:\Users\Artem\Desktop\3.1_wf_grid\results\batch\grid_matrix_050_20260508_035650.xlsx

Grid:        246 points x 10 WF steps
Step status: {'ok': 2460}
Tier dist:   {1: 246}

Top-5 ranked:
  {'grid_rank': 1, 'grid_point_id': 'atr25_m1.00_revers', 'tier': 1, 'tester_seed_score': 0.9578775510204082, 'sum_pnl_pct_Median': -1.3109460000000002, 'seed_gate_passed': True}
  {'grid_rank': 2, 'grid_point_id': 'atr24_m1.00_revers', 'tier': 1, 'tester_seed_score': 0.9456326530612245, 'sum_pnl_pct_Median': -1.5502485, 'seed_gate_passed': True}
  {'grid_rank': 3, 'grid_point_id': 'atr21_m1.00_revers', 'tier': 1, 'tester_seed_score': 0.9404897959183673, 'sum_pnl_pct_Median': -1.5980964999999996, 'seed_gate_passed': True}
  {'grid_rank': 4, 'grid_point_id': 'atr23_m1.00_revers', 'tier': 1, 'tester_seed_score': 0.94, 'sum_pnl_pct_Median': -1.3852569999999995, 'seed_gate_passed': True}
  {'grid_rank': 5, 'grid_point_id': 'atr28_m1.00_revers', 'tier': 1, 'tester_seed_score': 0.9387755102040816, 'sum_pnl_pct_Median': -1.725358, 'seed_gate_passed': True}

Timing:
  config_load              : 0.01s
  data_load                : 1.71s
  data_validation          : 0.03s
  ppy_resolve              : 0.00s
  warmup_resolve           : 0.00s
  zigzag_global_stats      : 0.21s
  wf_slicing               : 0.00s
  grid_enum                : 0.00s
  wf_grid_execution        : 604.37s
  collection               : 0.05s
  metric_contracts         : 0.12s
  bucket_matrix_median     : 0.08s
  step_gates               : 0.00s
  aggregation              : 0.48s
  candidate_gates          : 0.00s
  scoring                  : 0.01s
  ranking                  : 0.01s
  top1_trade_export_filter : 0.02s
  summary_build            : 0.09s
  xlsx_export              : 14.01s
