01:25:46 [INFO] supertrend_optimizer.data.timeframe: annualization_factor=252.0 (numeric) overrides annualization_basis='trading'; basis ignored.
01:25:46 [INFO] wf_grid.pipeline.orchestrator: ZigZag global stats built: global_median=0.003574, candidate_trigger_threshold=0.005917, n_legs=4535
01:25:46 [INFO] wf_grid.pipeline.orchestrator: Pipeline: 246 grid points \xd7 10 WF steps = 2460 total evaluations
01:27:07 [INFO] wf_grid.pipeline.orchestrator:   Parallel WF: 24/246 grid points done
01:27:53 [INFO] wf_grid.pipeline.orchestrator:   Parallel WF: 48/246 grid points done
01:29:05 [INFO] wf_grid.pipeline.orchestrator:   Parallel WF: 72/246 grid points done
01:29:52 [INFO] wf_grid.pipeline.orchestrator:   Parallel WF: 96/246 grid points done
01:31:03 [INFO] wf_grid.pipeline.orchestrator:   Parallel WF: 120/246 grid points done
01:31:51 [INFO] wf_grid.pipeline.orchestrator:   Parallel WF: 144/246 grid points done
01:33:01 [INFO] wf_grid.pipeline.orchestrator:   Parallel WF: 168/246 grid points done
01:33:49 [INFO] wf_grid.pipeline.orchestrator:   Parallel WF: 192/246 grid points done
01:34:59 [INFO] wf_grid.pipeline.orchestrator:   Parallel WF: 216/246 grid points done
01:35:45 [INFO] wf_grid.pipeline.orchestrator:   Parallel WF: 240/246 grid points done
01:36:17 [INFO] wf_grid.logging_.diagnostics: ============================================================
01:36:17 [INFO] wf_grid.logging_.diagnostics: Pipeline Diagnostics Summary
01:36:17 [INFO] wf_grid.logging_.diagnostics: ============================================================
01:36:17 [INFO] wf_grid.logging_.diagnostics: Grid: 246 points \xd7 10 WF steps
01:36:17 [INFO] wf_grid.logging_.diagnostics: Step status distribution: {'ok': 2460}
01:36:17 [INFO] wf_grid.logging_.diagnostics: Tier distribution: {1: 246}
01:36:17 [INFO] wf_grid.logging_.diagnostics: Top 5 ranked:
01:36:17 [INFO] wf_grid.logging_.diagnostics:   {'grid_rank': 1, 'grid_point_id': 'atr21_m1.00_revers', 'tier': 1, 'tester_seed_score': 0.9844081632653061, 'sum_pnl_pct_Median': 0.0574044999999998, 'seed_gate_passed': True}
01:36:17 [INFO] wf_grid.logging_.diagnostics:   {'grid_rank': 2, 'grid_point_id': 'atr20_m1.00_revers', 'tier': 1, 'tester_seed_score': 0.9714285714285714, 'sum_pnl_pct_Median': -0.18628249999999985, 'seed_gate_passed': True}
01:36:17 [INFO] wf_grid.logging_.diagnostics:   {'grid_rank': 3, 'grid_point_id': 'atr22_m1.00_revers', 'tier': 1, 'tester_seed_score': 0.9451836734693877, 'sum_pnl_pct_Median': -0.23955900000000044, 'seed_gate_passed': True}
01:36:17 [INFO] wf_grid.logging_.diagnostics:   {'grid_rank': 4, 'grid_point_id': 'atr23_m1.00_revers', 'tier': 1, 'tester_seed_score': 0.9395510204081632, 'sum_pnl_pct_Median': -0.3993180000000007, 'seed_gate_passed': True}
01:36:17 [INFO] wf_grid.logging_.diagnostics:   {'grid_rank': 5, 'grid_point_id': 'atr54_m1.00_revers', 'tier': 1, 'tester_seed_score': 0.9391020408163265, 'sum_pnl_pct_Median': -1.0128374999999998, 'seed_gate_passed': True}
01:36:17 [INFO] wf_grid.logging_.diagnostics: Timing breakdown:
01:36:17 [INFO] wf_grid.logging_.diagnostics:   config_load: 0.01s
01:36:17 [INFO] wf_grid.logging_.diagnostics:   data_load: 1.66s
01:36:17 [INFO] wf_grid.logging_.diagnostics:   data_validation: 0.03s
01:36:17 [INFO] wf_grid.logging_.diagnostics:   ppy_resolve: 0.00s
01:36:17 [INFO] wf_grid.logging_.diagnostics:   warmup_resolve: 0.00s
01:36:17 [INFO] wf_grid.logging_.diagnostics:   zigzag_global_stats: 0.21s
01:36:17 [INFO] wf_grid.logging_.diagnostics:   wf_slicing: 0.00s
01:36:17 [INFO] wf_grid.logging_.diagnostics:   grid_enum: 0.00s
01:36:17 [INFO] wf_grid.logging_.diagnostics:   wf_grid_execution: 613.15s
01:36:17 [INFO] wf_grid.logging_.diagnostics:   collection: 0.06s
01:36:17 [INFO] wf_grid.logging_.diagnostics:   metric_contracts: 0.12s
01:36:17 [INFO] wf_grid.logging_.diagnostics:   bucket_matrix_median: 0.08s
01:36:17 [INFO] wf_grid.logging_.diagnostics:   step_gates: 0.00s
01:36:17 [INFO] wf_grid.logging_.diagnostics:   aggregation: 0.49s
01:36:17 [INFO] wf_grid.logging_.diagnostics:   candidate_gates: 0.00s
01:36:17 [INFO] wf_grid.logging_.diagnostics:   scoring: 0.01s
01:36:17 [INFO] wf_grid.logging_.diagnostics:   ranking: 0.00s
01:36:17 [INFO] wf_grid.logging_.diagnostics:   top1_trade_export_filter: 0.02s
01:36:17 [INFO] wf_grid.logging_.diagnostics:   summary_build: 0.09s
01:36:17 [INFO] wf_grid.logging_.diagnostics:   xlsx_export: 16.73s
01:36:17 [INFO] wf_grid.logging_.diagnostics: ============================================================
Config:  C:\Users\Artem\Desktop\3.1_wf_grid\config\grid_matrix_035.yaml
Output:  C:\Users\Artem\Desktop\3.1_wf_grid\results\batch\grid_matrix_035_20260508_012544.xlsx


[OK] XLSX saved to: C:\Users\Artem\Desktop\3.1_wf_grid\results\batch\grid_matrix_035_20260508_012544.xlsx

Grid:        246 points x 10 WF steps
Step status: {'ok': 2460}
Tier dist:   {1: 246}

Top-5 ranked:
  {'grid_rank': 1, 'grid_point_id': 'atr21_m1.00_revers', 'tier': 1, 'tester_seed_score': 0.9844081632653061, 'sum_pnl_pct_Median': 0.0574044999999998, 'seed_gate_passed': True}
  {'grid_rank': 2, 'grid_point_id': 'atr20_m1.00_revers', 'tier': 1, 'tester_seed_score': 0.9714285714285714, 'sum_pnl_pct_Median': -0.18628249999999985, 'seed_gate_passed': True}
  {'grid_rank': 3, 'grid_point_id': 'atr22_m1.00_revers', 'tier': 1, 'tester_seed_score': 0.9451836734693877, 'sum_pnl_pct_Median': -0.23955900000000044, 'seed_gate_passed': True}
  {'grid_rank': 4, 'grid_point_id': 'atr23_m1.00_revers', 'tier': 1, 'tester_seed_score': 0.9395510204081632, 'sum_pnl_pct_Median': -0.3993180000000007, 'seed_gate_passed': True}
  {'grid_rank': 5, 'grid_point_id': 'atr54_m1.00_revers', 'tier': 1, 'tester_seed_score': 0.9391020408163265, 'sum_pnl_pct_Median': -1.0128374999999998, 'seed_gate_passed': True}

Timing:
  config_load              : 0.01s
  data_load                : 1.66s
  data_validation          : 0.03s
  ppy_resolve              : 0.00s
  warmup_resolve           : 0.00s
  zigzag_global_stats      : 0.21s
  wf_slicing               : 0.00s
  grid_enum                : 0.00s
  wf_grid_execution        : 613.15s
  collection               : 0.06s
  metric_contracts         : 0.12s
  bucket_matrix_median     : 0.08s
  step_gates               : 0.00s
  aggregation              : 0.49s
  candidate_gates          : 0.00s
  scoring                  : 0.01s
  ranking                  : 0.00s
  top1_trade_export_filter : 0.02s
  summary_build            : 0.09s
  xlsx_export              : 16.73s
