23:42:13 [INFO] supertrend_optimizer.data.timeframe: annualization_factor=252.0 (numeric) overrides annualization_basis='trading'; basis ignored.
23:42:14 [INFO] wf_grid.pipeline.orchestrator: ZigZag global stats built: global_median=0.003574, candidate_trigger_threshold=0.005917, n_legs=4535
23:42:14 [INFO] wf_grid.pipeline.orchestrator: Pipeline: 246 grid points \xd7 10 WF steps = 2460 total evaluations
23:43:33 [INFO] wf_grid.pipeline.orchestrator:   Parallel WF: 24/246 grid points done
23:44:19 [INFO] wf_grid.pipeline.orchestrator:   Parallel WF: 48/246 grid points done
23:45:29 [INFO] wf_grid.pipeline.orchestrator:   Parallel WF: 72/246 grid points done
23:46:16 [INFO] wf_grid.pipeline.orchestrator:   Parallel WF: 96/246 grid points done
23:47:26 [INFO] wf_grid.pipeline.orchestrator:   Parallel WF: 120/246 grid points done
23:48:13 [INFO] wf_grid.pipeline.orchestrator:   Parallel WF: 144/246 grid points done
23:49:23 [INFO] wf_grid.pipeline.orchestrator:   Parallel WF: 168/246 grid points done
23:50:11 [INFO] wf_grid.pipeline.orchestrator:   Parallel WF: 192/246 grid points done
23:51:19 [INFO] wf_grid.pipeline.orchestrator:   Parallel WF: 216/246 grid points done
23:52:06 [INFO] wf_grid.pipeline.orchestrator:   Parallel WF: 240/246 grid points done
23:52:35 [INFO] wf_grid.logging_.diagnostics: ============================================================
23:52:35 [INFO] wf_grid.logging_.diagnostics: Pipeline Diagnostics Summary
23:52:35 [INFO] wf_grid.logging_.diagnostics: ============================================================
23:52:35 [INFO] wf_grid.logging_.diagnostics: Grid: 246 points \xd7 10 WF steps
23:52:35 [INFO] wf_grid.logging_.diagnostics: Step status distribution: {'ok': 2460}
23:52:35 [INFO] wf_grid.logging_.diagnostics: Tier distribution: {1: 246}
23:52:35 [INFO] wf_grid.logging_.diagnostics: Top 5 ranked:
23:52:35 [INFO] wf_grid.logging_.diagnostics:   {'grid_rank': 1, 'grid_point_id': 'atr25_m1.00_revers', 'tier': 1, 'tester_seed_score': 0.944857142857143, 'sum_pnl_pct_Median': -1.0183535000000004, 'seed_gate_passed': True}
23:52:35 [INFO] wf_grid.logging_.diagnostics:   {'grid_rank': 2, 'grid_point_id': 'atr21_m1.00_revers', 'tier': 1, 'tester_seed_score': 0.9397142857142858, 'sum_pnl_pct_Median': -0.8728950000000004, 'seed_gate_passed': True}
23:52:35 [INFO] wf_grid.logging_.diagnostics:   {'grid_rank': 3, 'grid_point_id': 'atr26_m1.00_revers', 'tier': 1, 'tester_seed_score': 0.9375102040816327, 'sum_pnl_pct_Median': -1.0793120000000003, 'seed_gate_passed': True}
23:52:35 [INFO] wf_grid.logging_.diagnostics:   {'grid_rank': 4, 'grid_point_id': 'atr28_m1.00_revers', 'tier': 1, 'tester_seed_score': 0.9353061224489797, 'sum_pnl_pct_Median': -1.0712165000000002, 'seed_gate_passed': True}
23:52:35 [INFO] wf_grid.logging_.diagnostics:   {'grid_rank': 5, 'grid_point_id': 'atr40_m1.00_revers', 'tier': 1, 'tester_seed_score': 0.9343265306122449, 'sum_pnl_pct_Median': -0.9912320000000001, 'seed_gate_passed': True}
23:52:35 [INFO] wf_grid.logging_.diagnostics: Timing breakdown:
23:52:35 [INFO] wf_grid.logging_.diagnostics:   config_load: 0.01s
23:52:35 [INFO] wf_grid.logging_.diagnostics:   data_load: 1.73s
23:52:35 [INFO] wf_grid.logging_.diagnostics:   data_validation: 0.04s
23:52:35 [INFO] wf_grid.logging_.diagnostics:   ppy_resolve: 0.00s
23:52:35 [INFO] wf_grid.logging_.diagnostics:   warmup_resolve: 0.00s
23:52:35 [INFO] wf_grid.logging_.diagnostics:   zigzag_global_stats: 0.20s
23:52:35 [INFO] wf_grid.logging_.diagnostics:   wf_slicing: 0.00s
23:52:35 [INFO] wf_grid.logging_.diagnostics:   grid_enum: 0.00s
23:52:35 [INFO] wf_grid.logging_.diagnostics:   wf_grid_execution: 605.53s
23:52:35 [INFO] wf_grid.logging_.diagnostics:   collection: 0.06s
23:52:35 [INFO] wf_grid.logging_.diagnostics:   metric_contracts: 0.12s
23:52:35 [INFO] wf_grid.logging_.diagnostics:   bucket_matrix_median: 0.08s
23:52:35 [INFO] wf_grid.logging_.diagnostics:   step_gates: 0.00s
23:52:35 [INFO] wf_grid.logging_.diagnostics:   aggregation: 0.49s
23:52:35 [INFO] wf_grid.logging_.diagnostics:   candidate_gates: 0.00s
23:52:35 [INFO] wf_grid.logging_.diagnostics:   scoring: 0.01s
23:52:35 [INFO] wf_grid.logging_.diagnostics:   ranking: 0.00s
23:52:35 [INFO] wf_grid.logging_.diagnostics:   top1_trade_export_filter: 0.02s
23:52:35 [INFO] wf_grid.logging_.diagnostics:   summary_build: 0.09s
23:52:35 [INFO] wf_grid.logging_.diagnostics:   xlsx_export: 15.17s
23:52:35 [INFO] wf_grid.logging_.diagnostics: ============================================================
Config:  C:\Users\Artem\Desktop\3.1_wf_grid\config\grid_matrix_025.yaml
Output:  C:\Users\Artem\Desktop\3.1_wf_grid\results\batch\grid_matrix_025_20260507_234211.xlsx


[OK] XLSX saved to: C:\Users\Artem\Desktop\3.1_wf_grid\results\batch\grid_matrix_025_20260507_234211.xlsx

Grid:        246 points x 10 WF steps
Step status: {'ok': 2460}
Tier dist:   {1: 246}

Top-5 ranked:
  {'grid_rank': 1, 'grid_point_id': 'atr25_m1.00_revers', 'tier': 1, 'tester_seed_score': 0.944857142857143, 'sum_pnl_pct_Median': -1.0183535000000004, 'seed_gate_passed': True}
  {'grid_rank': 2, 'grid_point_id': 'atr21_m1.00_revers', 'tier': 1, 'tester_seed_score': 0.9397142857142858, 'sum_pnl_pct_Median': -0.8728950000000004, 'seed_gate_passed': True}
  {'grid_rank': 3, 'grid_point_id': 'atr26_m1.00_revers', 'tier': 1, 'tester_seed_score': 0.9375102040816327, 'sum_pnl_pct_Median': -1.0793120000000003, 'seed_gate_passed': True}
  {'grid_rank': 4, 'grid_point_id': 'atr28_m1.00_revers', 'tier': 1, 'tester_seed_score': 0.9353061224489797, 'sum_pnl_pct_Median': -1.0712165000000002, 'seed_gate_passed': True}
  {'grid_rank': 5, 'grid_point_id': 'atr40_m1.00_revers', 'tier': 1, 'tester_seed_score': 0.9343265306122449, 'sum_pnl_pct_Median': -0.9912320000000001, 'seed_gate_passed': True}

Timing:
  config_load              : 0.01s
  data_load                : 1.73s
  data_validation          : 0.04s
  ppy_resolve              : 0.00s
  warmup_resolve           : 0.00s
  zigzag_global_stats      : 0.20s
  wf_slicing               : 0.00s
  grid_enum                : 0.00s
  wf_grid_execution        : 605.53s
  collection               : 0.06s
  metric_contracts         : 0.12s
  bucket_matrix_median     : 0.08s
  step_gates               : 0.00s
  aggregation              : 0.49s
  candidate_gates          : 0.00s
  scoring                  : 0.01s
  ranking                  : 0.00s
  top1_trade_export_filter : 0.02s
  summary_build            : 0.09s
  xlsx_export              : 15.17s
