05:17:04 [INFO] supertrend_optimizer.data.timeframe: annualization_factor=252.0 (numeric) overrides annualization_basis='trading'; basis ignored.
05:17:05 [INFO] wf_grid.pipeline.orchestrator: ZigZag global stats built: global_median=0.003574, candidate_trigger_threshold=0.005917, n_legs=4535
05:17:05 [INFO] wf_grid.pipeline.orchestrator: Pipeline: 246 grid points \xd7 10 WF steps = 2460 total evaluations
05:18:23 [INFO] wf_grid.pipeline.orchestrator:   Parallel WF: 24/246 grid points done
05:19:07 [INFO] wf_grid.pipeline.orchestrator:   Parallel WF: 48/246 grid points done
05:20:16 [INFO] wf_grid.pipeline.orchestrator:   Parallel WF: 72/246 grid points done
05:21:00 [INFO] wf_grid.pipeline.orchestrator:   Parallel WF: 96/246 grid points done
05:22:10 [INFO] wf_grid.pipeline.orchestrator:   Parallel WF: 120/246 grid points done
05:22:54 [INFO] wf_grid.pipeline.orchestrator:   Parallel WF: 144/246 grid points done
05:24:04 [INFO] wf_grid.pipeline.orchestrator:   Parallel WF: 168/246 grid points done
05:24:49 [INFO] wf_grid.pipeline.orchestrator:   Parallel WF: 192/246 grid points done
05:25:58 [INFO] wf_grid.pipeline.orchestrator:   Parallel WF: 216/246 grid points done
05:26:41 [INFO] wf_grid.pipeline.orchestrator:   Parallel WF: 240/246 grid points done
05:27:09 [INFO] wf_grid.logging_.diagnostics: ============================================================
05:27:09 [INFO] wf_grid.logging_.diagnostics: Pipeline Diagnostics Summary
05:27:09 [INFO] wf_grid.logging_.diagnostics: ============================================================
05:27:09 [INFO] wf_grid.logging_.diagnostics: Grid: 246 points \xd7 10 WF steps
05:27:09 [INFO] wf_grid.logging_.diagnostics: Step status distribution: {'ok': 2460}
05:27:09 [INFO] wf_grid.logging_.diagnostics: Tier distribution: {1: 246}
05:27:09 [INFO] wf_grid.logging_.diagnostics: Top 5 ranked:
05:27:09 [INFO] wf_grid.logging_.diagnostics:   {'grid_rank': 1, 'grid_point_id': 'atr21_m1.00_revers', 'tier': 1, 'tester_seed_score': 0.9877551020408163, 'sum_pnl_pct_Median': 0.32456399999999974, 'seed_gate_passed': True}
05:27:09 [INFO] wf_grid.logging_.diagnostics:   {'grid_rank': 2, 'grid_point_id': 'atr22_m1.00_revers', 'tier': 1, 'tester_seed_score': 0.9367346938775509, 'sum_pnl_pct_Median': 0.08536450000000001, 'seed_gate_passed': True}
05:27:09 [INFO] wf_grid.logging_.diagnostics:   {'grid_rank': 3, 'grid_point_id': 'atr23_m1.00_revers', 'tier': 1, 'tester_seed_score': 0.929142857142857, 'sum_pnl_pct_Median': 0.08197750000000037, 'seed_gate_passed': True}
05:27:09 [INFO] wf_grid.logging_.diagnostics:   {'grid_rank': 4, 'grid_point_id': 'atr25_m1.00_revers', 'tier': 1, 'tester_seed_score': 0.9227755102040816, 'sum_pnl_pct_Median': -0.20904650000000036, 'seed_gate_passed': True}
05:27:09 [INFO] wf_grid.logging_.diagnostics:   {'grid_rank': 5, 'grid_point_id': 'atr24_m1.00_revers', 'tier': 1, 'tester_seed_score': 0.9193469387755102, 'sum_pnl_pct_Median': -0.06387899999999991, 'seed_gate_passed': True}
05:27:09 [INFO] wf_grid.logging_.diagnostics: Timing breakdown:
05:27:09 [INFO] wf_grid.logging_.diagnostics:   config_load: 0.01s
05:27:09 [INFO] wf_grid.logging_.diagnostics:   data_load: 1.68s
05:27:09 [INFO] wf_grid.logging_.diagnostics:   data_validation: 0.03s
05:27:09 [INFO] wf_grid.logging_.diagnostics:   ppy_resolve: 0.00s
05:27:09 [INFO] wf_grid.logging_.diagnostics:   warmup_resolve: 0.00s
05:27:09 [INFO] wf_grid.logging_.diagnostics:   zigzag_global_stats: 0.20s
05:27:09 [INFO] wf_grid.logging_.diagnostics:   wf_slicing: 0.00s
05:27:09 [INFO] wf_grid.logging_.diagnostics:   grid_enum: 0.00s
05:27:09 [INFO] wf_grid.logging_.diagnostics:   wf_grid_execution: 591.32s
05:27:09 [INFO] wf_grid.logging_.diagnostics:   collection: 0.06s
05:27:09 [INFO] wf_grid.logging_.diagnostics:   metric_contracts: 0.12s
05:27:09 [INFO] wf_grid.logging_.diagnostics:   bucket_matrix_median: 0.08s
05:27:09 [INFO] wf_grid.logging_.diagnostics:   step_gates: 0.00s
05:27:09 [INFO] wf_grid.logging_.diagnostics:   aggregation: 0.49s
05:27:09 [INFO] wf_grid.logging_.diagnostics:   candidate_gates: 0.00s
05:27:09 [INFO] wf_grid.logging_.diagnostics:   scoring: 0.01s
05:27:09 [INFO] wf_grid.logging_.diagnostics:   ranking: 0.00s
05:27:09 [INFO] wf_grid.logging_.diagnostics:   top1_trade_export_filter: 0.02s
05:27:09 [INFO] wf_grid.logging_.diagnostics:   summary_build: 0.09s
05:27:09 [INFO] wf_grid.logging_.diagnostics:   xlsx_export: 12.68s
05:27:09 [INFO] wf_grid.logging_.diagnostics: ============================================================
Config:  C:\Users\Artem\Desktop\3.1_wf_grid\config\grid_matrix_058.yaml
Output:  C:\Users\Artem\Desktop\3.1_wf_grid\results\batch\grid_matrix_058_20260508_051702.xlsx


[OK] XLSX saved to: C:\Users\Artem\Desktop\3.1_wf_grid\results\batch\grid_matrix_058_20260508_051702.xlsx

Grid:        246 points x 10 WF steps
Step status: {'ok': 2460}
Tier dist:   {1: 246}

Top-5 ranked:
  {'grid_rank': 1, 'grid_point_id': 'atr21_m1.00_revers', 'tier': 1, 'tester_seed_score': 0.9877551020408163, 'sum_pnl_pct_Median': 0.32456399999999974, 'seed_gate_passed': True}
  {'grid_rank': 2, 'grid_point_id': 'atr22_m1.00_revers', 'tier': 1, 'tester_seed_score': 0.9367346938775509, 'sum_pnl_pct_Median': 0.08536450000000001, 'seed_gate_passed': True}
  {'grid_rank': 3, 'grid_point_id': 'atr23_m1.00_revers', 'tier': 1, 'tester_seed_score': 0.929142857142857, 'sum_pnl_pct_Median': 0.08197750000000037, 'seed_gate_passed': True}
  {'grid_rank': 4, 'grid_point_id': 'atr25_m1.00_revers', 'tier': 1, 'tester_seed_score': 0.9227755102040816, 'sum_pnl_pct_Median': -0.20904650000000036, 'seed_gate_passed': True}
  {'grid_rank': 5, 'grid_point_id': 'atr24_m1.00_revers', 'tier': 1, 'tester_seed_score': 0.9193469387755102, 'sum_pnl_pct_Median': -0.06387899999999991, 'seed_gate_passed': True}

Timing:
  config_load              : 0.01s
  data_load                : 1.68s
  data_validation          : 0.03s
  ppy_resolve              : 0.00s
  warmup_resolve           : 0.00s
  zigzag_global_stats      : 0.20s
  wf_slicing               : 0.00s
  grid_enum                : 0.00s
  wf_grid_execution        : 591.32s
  collection               : 0.06s
  metric_contracts         : 0.12s
  bucket_matrix_median     : 0.08s
  step_gates               : 0.00s
  aggregation              : 0.49s
  candidate_gates          : 0.00s
  scoring                  : 0.01s
  ranking                  : 0.00s
  top1_trade_export_filter : 0.02s
  summary_build            : 0.09s
  xlsx_export              : 12.68s
