21:45:01 [INFO] supertrend_optimizer.data.timeframe: annualization_factor=252.0 (numeric) overrides annualization_basis='trading'; basis ignored.
21:45:01 [INFO] wf_grid.pipeline.orchestrator: ZigZag global stats built: global_median=0.003574, candidate_trigger_threshold=0.005917, n_legs=4535
21:45:01 [INFO] wf_grid.pipeline.orchestrator: Pipeline: 246 grid points \xd7 10 WF steps = 2460 total evaluations
21:46:21 [INFO] wf_grid.pipeline.orchestrator:   Parallel WF: 24/246 grid points done
21:47:07 [INFO] wf_grid.pipeline.orchestrator:   Parallel WF: 48/246 grid points done
21:48:18 [INFO] wf_grid.pipeline.orchestrator:   Parallel WF: 72/246 grid points done
21:49:05 [INFO] wf_grid.pipeline.orchestrator:   Parallel WF: 96/246 grid points done
21:50:16 [INFO] wf_grid.pipeline.orchestrator:   Parallel WF: 120/246 grid points done
21:51:03 [INFO] wf_grid.pipeline.orchestrator:   Parallel WF: 144/246 grid points done
21:52:15 [INFO] wf_grid.pipeline.orchestrator:   Parallel WF: 168/246 grid points done
21:53:01 [INFO] wf_grid.pipeline.orchestrator:   Parallel WF: 192/246 grid points done
21:54:12 [INFO] wf_grid.pipeline.orchestrator:   Parallel WF: 216/246 grid points done
21:54:57 [INFO] wf_grid.pipeline.orchestrator:   Parallel WF: 240/246 grid points done
21:55:30 [INFO] wf_grid.logging_.diagnostics: ============================================================
21:55:30 [INFO] wf_grid.logging_.diagnostics: Pipeline Diagnostics Summary
21:55:30 [INFO] wf_grid.logging_.diagnostics: ============================================================
21:55:30 [INFO] wf_grid.logging_.diagnostics: Grid: 246 points \xd7 10 WF steps
21:55:30 [INFO] wf_grid.logging_.diagnostics: Step status distribution: {'ok': 2460}
21:55:30 [INFO] wf_grid.logging_.diagnostics: Tier distribution: {1: 246}
21:55:30 [INFO] wf_grid.logging_.diagnostics: Top 5 ranked:
21:55:30 [INFO] wf_grid.logging_.diagnostics:   {'grid_rank': 1, 'grid_point_id': 'atr60_m1.00_revers', 'tier': 1, 'tester_seed_score': 0.9448163265306122, 'sum_pnl_pct_Median': -0.7854305000000007, 'seed_gate_passed': True}
21:55:30 [INFO] wf_grid.logging_.diagnostics:   {'grid_rank': 2, 'grid_point_id': 'atr53_m1.00_revers', 'tier': 1, 'tester_seed_score': 0.9443265306122449, 'sum_pnl_pct_Median': -0.9080215000000008, 'seed_gate_passed': True}
21:55:30 [INFO] wf_grid.logging_.diagnostics:   {'grid_rank': 3, 'grid_point_id': 'atr52_m1.00_revers', 'tier': 1, 'tester_seed_score': 0.9399183673469388, 'sum_pnl_pct_Median': -0.8602610000000005, 'seed_gate_passed': True}
21:55:30 [INFO] wf_grid.logging_.diagnostics:   {'grid_rank': 4, 'grid_point_id': 'atr54_m1.00_revers', 'tier': 1, 'tester_seed_score': 0.938204081632653, 'sum_pnl_pct_Median': -1.013557, 'seed_gate_passed': True}
21:55:30 [INFO] wf_grid.logging_.diagnostics:   {'grid_rank': 5, 'grid_point_id': 'atr59_m1.00_revers', 'tier': 1, 'tester_seed_score': 0.9362448979591836, 'sum_pnl_pct_Median': -0.8077750000000001, 'seed_gate_passed': True}
21:55:30 [INFO] wf_grid.logging_.diagnostics: Timing breakdown:
21:55:30 [INFO] wf_grid.logging_.diagnostics:   config_load: 0.01s
21:55:30 [INFO] wf_grid.logging_.diagnostics:   data_load: 1.69s
21:55:30 [INFO] wf_grid.logging_.diagnostics:   data_validation: 0.03s
21:55:30 [INFO] wf_grid.logging_.diagnostics:   ppy_resolve: 0.00s
21:55:30 [INFO] wf_grid.logging_.diagnostics:   warmup_resolve: 0.00s
21:55:30 [INFO] wf_grid.logging_.diagnostics:   zigzag_global_stats: 0.21s
21:55:30 [INFO] wf_grid.logging_.diagnostics:   wf_slicing: 0.00s
21:55:30 [INFO] wf_grid.logging_.diagnostics:   grid_enum: 0.00s
21:55:30 [INFO] wf_grid.logging_.diagnostics:   wf_grid_execution: 611.24s
21:55:30 [INFO] wf_grid.logging_.diagnostics:   collection: 0.05s
21:55:30 [INFO] wf_grid.logging_.diagnostics:   metric_contracts: 0.12s
21:55:30 [INFO] wf_grid.logging_.diagnostics:   bucket_matrix_median: 0.08s
21:55:30 [INFO] wf_grid.logging_.diagnostics:   step_gates: 0.00s
21:55:30 [INFO] wf_grid.logging_.diagnostics:   aggregation: 0.49s
21:55:30 [INFO] wf_grid.logging_.diagnostics:   candidate_gates: 0.00s
21:55:30 [INFO] wf_grid.logging_.diagnostics:   scoring: 0.01s
21:55:30 [INFO] wf_grid.logging_.diagnostics:   ranking: 0.00s
21:55:30 [INFO] wf_grid.logging_.diagnostics:   top1_trade_export_filter: 0.03s
21:55:30 [INFO] wf_grid.logging_.diagnostics:   summary_build: 0.09s
21:55:30 [INFO] wf_grid.logging_.diagnostics:   xlsx_export: 17.13s
21:55:30 [INFO] wf_grid.logging_.diagnostics: ============================================================
Config:  C:\Users\Artem\Desktop\3.1_wf_grid\config\grid_matrix_014.yaml
Output:  C:\Users\Artem\Desktop\3.1_wf_grid\results\batch\grid_matrix_014_20260507_214459.xlsx


[OK] XLSX saved to: C:\Users\Artem\Desktop\3.1_wf_grid\results\batch\grid_matrix_014_20260507_214459.xlsx

Grid:        246 points x 10 WF steps
Step status: {'ok': 2460}
Tier dist:   {1: 246}

Top-5 ranked:
  {'grid_rank': 1, 'grid_point_id': 'atr60_m1.00_revers', 'tier': 1, 'tester_seed_score': 0.9448163265306122, 'sum_pnl_pct_Median': -0.7854305000000007, 'seed_gate_passed': True}
  {'grid_rank': 2, 'grid_point_id': 'atr53_m1.00_revers', 'tier': 1, 'tester_seed_score': 0.9443265306122449, 'sum_pnl_pct_Median': -0.9080215000000008, 'seed_gate_passed': True}
  {'grid_rank': 3, 'grid_point_id': 'atr52_m1.00_revers', 'tier': 1, 'tester_seed_score': 0.9399183673469388, 'sum_pnl_pct_Median': -0.8602610000000005, 'seed_gate_passed': True}
  {'grid_rank': 4, 'grid_point_id': 'atr54_m1.00_revers', 'tier': 1, 'tester_seed_score': 0.938204081632653, 'sum_pnl_pct_Median': -1.013557, 'seed_gate_passed': True}
  {'grid_rank': 5, 'grid_point_id': 'atr59_m1.00_revers', 'tier': 1, 'tester_seed_score': 0.9362448979591836, 'sum_pnl_pct_Median': -0.8077750000000001, 'seed_gate_passed': True}

Timing:
  config_load              : 0.01s
  data_load                : 1.69s
  data_validation          : 0.03s
  ppy_resolve              : 0.00s
  warmup_resolve           : 0.00s
  zigzag_global_stats      : 0.21s
  wf_slicing               : 0.00s
  grid_enum                : 0.00s
  wf_grid_execution        : 611.24s
  collection               : 0.05s
  metric_contracts         : 0.12s
  bucket_matrix_median     : 0.08s
  step_gates               : 0.00s
  aggregation              : 0.49s
  candidate_gates          : 0.00s
  scoring                  : 0.01s
  ranking                  : 0.00s
  top1_trade_export_filter : 0.03s
  summary_build            : 0.09s
  xlsx_export              : 17.13s
