19:52:52 [INFO] supertrend_optimizer.data.timeframe: annualization_factor=252.0 (numeric) overrides annualization_basis='trading'; basis ignored.
19:52:52 [INFO] wf_grid.pipeline.orchestrator: ZigZag global stats built: global_median=0.003574, candidate_trigger_threshold=0.005917, n_legs=4535
19:52:52 [INFO] wf_grid.pipeline.orchestrator: Pipeline: 246 grid points \xd7 10 WF steps = 2460 total evaluations
19:54:11 [INFO] wf_grid.pipeline.orchestrator:   Parallel WF: 24/246 grid points done
19:54:57 [INFO] wf_grid.pipeline.orchestrator:   Parallel WF: 48/246 grid points done
19:56:07 [INFO] wf_grid.pipeline.orchestrator:   Parallel WF: 72/246 grid points done
19:56:54 [INFO] wf_grid.pipeline.orchestrator:   Parallel WF: 96/246 grid points done
19:58:04 [INFO] wf_grid.pipeline.orchestrator:   Parallel WF: 120/246 grid points done
19:58:51 [INFO] wf_grid.pipeline.orchestrator:   Parallel WF: 144/246 grid points done
20:00:00 [INFO] wf_grid.pipeline.orchestrator:   Parallel WF: 168/246 grid points done
20:00:48 [INFO] wf_grid.pipeline.orchestrator:   Parallel WF: 192/246 grid points done
20:01:57 [INFO] wf_grid.pipeline.orchestrator:   Parallel WF: 216/246 grid points done
20:02:42 [INFO] wf_grid.pipeline.orchestrator:   Parallel WF: 240/246 grid points done
20:03:12 [INFO] wf_grid.logging_.diagnostics: ============================================================
20:03:12 [INFO] wf_grid.logging_.diagnostics: Pipeline Diagnostics Summary
20:03:12 [INFO] wf_grid.logging_.diagnostics: ============================================================
20:03:12 [INFO] wf_grid.logging_.diagnostics: Grid: 246 points \xd7 10 WF steps
20:03:12 [INFO] wf_grid.logging_.diagnostics: Step status distribution: {'ok': 2460}
20:03:12 [INFO] wf_grid.logging_.diagnostics: Tier distribution: {1: 246}
20:03:12 [INFO] wf_grid.logging_.diagnostics: Top 5 ranked:
20:03:12 [INFO] wf_grid.logging_.diagnostics:   {'grid_rank': 1, 'grid_point_id': 'atr21_m1.00_revers', 'tier': 1, 'tester_seed_score': 0.996734693877551, 'sum_pnl_pct_Median': 1.1730085000000001, 'seed_gate_passed': True}
20:03:12 [INFO] wf_grid.logging_.diagnostics:   {'grid_rank': 2, 'grid_point_id': 'atr22_m1.00_revers', 'tier': 1, 'tester_seed_score': 0.9898775510204082, 'sum_pnl_pct_Median': 0.849055, 'seed_gate_passed': True}
20:03:12 [INFO] wf_grid.logging_.diagnostics:   {'grid_rank': 3, 'grid_point_id': 'atr23_m1.00_revers', 'tier': 1, 'tester_seed_score': 0.9852244897959185, 'sum_pnl_pct_Median': 0.6995394999999998, 'seed_gate_passed': True}
20:03:12 [INFO] wf_grid.logging_.diagnostics:   {'grid_rank': 4, 'grid_point_id': 'atr20_m1.00_revers', 'tier': 1, 'tester_seed_score': 0.9837551020408163, 'sum_pnl_pct_Median': 1.0190465, 'seed_gate_passed': True}
20:03:12 [INFO] wf_grid.logging_.diagnostics:   {'grid_rank': 5, 'grid_point_id': 'atr24_m1.00_revers', 'tier': 1, 'tester_seed_score': 0.9756734693877552, 'sum_pnl_pct_Median': 0.5031175, 'seed_gate_passed': True}
20:03:12 [INFO] wf_grid.logging_.diagnostics: Timing breakdown:
20:03:12 [INFO] wf_grid.logging_.diagnostics:   config_load: 0.01s
20:03:12 [INFO] wf_grid.logging_.diagnostics:   data_load: 1.67s
20:03:12 [INFO] wf_grid.logging_.diagnostics:   data_validation: 0.03s
20:03:12 [INFO] wf_grid.logging_.diagnostics:   ppy_resolve: 0.00s
20:03:12 [INFO] wf_grid.logging_.diagnostics:   warmup_resolve: 0.00s
20:03:12 [INFO] wf_grid.logging_.diagnostics:   zigzag_global_stats: 0.20s
20:03:12 [INFO] wf_grid.logging_.diagnostics:   wf_slicing: 0.00s
20:03:12 [INFO] wf_grid.logging_.diagnostics:   grid_enum: 0.00s
20:03:12 [INFO] wf_grid.logging_.diagnostics:   wf_grid_execution: 603.93s
20:03:12 [INFO] wf_grid.logging_.diagnostics:   collection: 0.05s
20:03:12 [INFO] wf_grid.logging_.diagnostics:   metric_contracts: 0.12s
20:03:12 [INFO] wf_grid.logging_.diagnostics:   bucket_matrix_median: 0.09s
20:03:12 [INFO] wf_grid.logging_.diagnostics:   step_gates: 0.00s
20:03:12 [INFO] wf_grid.logging_.diagnostics:   aggregation: 0.50s
20:03:12 [INFO] wf_grid.logging_.diagnostics:   candidate_gates: 0.00s
20:03:12 [INFO] wf_grid.logging_.diagnostics:   scoring: 0.01s
20:03:12 [INFO] wf_grid.logging_.diagnostics:   ranking: 0.00s
20:03:12 [INFO] wf_grid.logging_.diagnostics:   top1_trade_export_filter: 0.02s
20:03:12 [INFO] wf_grid.logging_.diagnostics:   summary_build: 0.09s
20:03:12 [INFO] wf_grid.logging_.diagnostics:   xlsx_export: 15.59s
20:03:12 [INFO] wf_grid.logging_.diagnostics: ============================================================
Config:  C:\Users\Artem\Desktop\3.1_wf_grid\config\grid_matrix_003.yaml
Output:  C:\Users\Artem\Desktop\3.1_wf_grid\results\batch\grid_matrix_003_20260507_195249.xlsx


[OK] XLSX saved to: C:\Users\Artem\Desktop\3.1_wf_grid\results\batch\grid_matrix_003_20260507_195249.xlsx

Grid:        246 points x 10 WF steps
Step status: {'ok': 2460}
Tier dist:   {1: 246}

Top-5 ranked:
  {'grid_rank': 1, 'grid_point_id': 'atr21_m1.00_revers', 'tier': 1, 'tester_seed_score': 0.996734693877551, 'sum_pnl_pct_Median': 1.1730085000000001, 'seed_gate_passed': True}
  {'grid_rank': 2, 'grid_point_id': 'atr22_m1.00_revers', 'tier': 1, 'tester_seed_score': 0.9898775510204082, 'sum_pnl_pct_Median': 0.849055, 'seed_gate_passed': True}
  {'grid_rank': 3, 'grid_point_id': 'atr23_m1.00_revers', 'tier': 1, 'tester_seed_score': 0.9852244897959185, 'sum_pnl_pct_Median': 0.6995394999999998, 'seed_gate_passed': True}
  {'grid_rank': 4, 'grid_point_id': 'atr20_m1.00_revers', 'tier': 1, 'tester_seed_score': 0.9837551020408163, 'sum_pnl_pct_Median': 1.0190465, 'seed_gate_passed': True}
  {'grid_rank': 5, 'grid_point_id': 'atr24_m1.00_revers', 'tier': 1, 'tester_seed_score': 0.9756734693877552, 'sum_pnl_pct_Median': 0.5031175, 'seed_gate_passed': True}

Timing:
  config_load              : 0.01s
  data_load                : 1.67s
  data_validation          : 0.03s
  ppy_resolve              : 0.00s
  warmup_resolve           : 0.00s
  zigzag_global_stats      : 0.20s
  wf_slicing               : 0.00s
  grid_enum                : 0.00s
  wf_grid_execution        : 603.93s
  collection               : 0.05s
  metric_contracts         : 0.12s
  bucket_matrix_median     : 0.09s
  step_gates               : 0.00s
  aggregation              : 0.50s
  candidate_gates          : 0.00s
  scoring                  : 0.01s
  ranking                  : 0.00s
  top1_trade_export_filter : 0.02s
  summary_build            : 0.09s
  xlsx_export              : 15.59s
