03:07:10 [INFO] supertrend_optimizer.data.timeframe: annualization_factor=252.0 (numeric) overrides annualization_basis='trading'; basis ignored.
03:07:10 [INFO] wf_grid.pipeline.orchestrator: ZigZag global stats built: global_median=0.003574, candidate_trigger_threshold=0.005917, n_legs=4535
03:07:10 [INFO] wf_grid.pipeline.orchestrator: Pipeline: 246 grid points \xd7 10 WF steps = 2460 total evaluations
03:08:31 [INFO] wf_grid.pipeline.orchestrator:   Parallel WF: 24/246 grid points done
03:09:17 [INFO] wf_grid.pipeline.orchestrator:   Parallel WF: 48/246 grid points done
03:10:28 [INFO] wf_grid.pipeline.orchestrator:   Parallel WF: 72/246 grid points done
03:11:14 [INFO] wf_grid.pipeline.orchestrator:   Parallel WF: 96/246 grid points done
03:12:26 [INFO] wf_grid.pipeline.orchestrator:   Parallel WF: 120/246 grid points done
03:13:12 [INFO] wf_grid.pipeline.orchestrator:   Parallel WF: 144/246 grid points done
03:14:24 [INFO] wf_grid.pipeline.orchestrator:   Parallel WF: 168/246 grid points done
03:15:09 [INFO] wf_grid.pipeline.orchestrator:   Parallel WF: 192/246 grid points done
03:16:21 [INFO] wf_grid.pipeline.orchestrator:   Parallel WF: 216/246 grid points done
03:17:05 [INFO] wf_grid.pipeline.orchestrator:   Parallel WF: 240/246 grid points done
03:17:38 [INFO] wf_grid.logging_.diagnostics: ============================================================
03:17:38 [INFO] wf_grid.logging_.diagnostics: Pipeline Diagnostics Summary
03:17:38 [INFO] wf_grid.logging_.diagnostics: ============================================================
03:17:38 [INFO] wf_grid.logging_.diagnostics: Grid: 246 points \xd7 10 WF steps
03:17:38 [INFO] wf_grid.logging_.diagnostics: Step status distribution: {'ok': 2460}
03:17:38 [INFO] wf_grid.logging_.diagnostics: Tier distribution: {1: 246}
03:17:38 [INFO] wf_grid.logging_.diagnostics: Top 5 ranked:
03:17:38 [INFO] wf_grid.logging_.diagnostics:   {'grid_rank': 1, 'grid_point_id': 'atr40_m1.00_revers', 'tier': 1, 'tester_seed_score': 0.9318367346938776, 'sum_pnl_pct_Median': -0.6836065, 'seed_gate_passed': True}
03:17:38 [INFO] wf_grid.logging_.diagnostics:   {'grid_rank': 2, 'grid_point_id': 'atr60_m1.00_revers', 'tier': 1, 'tester_seed_score': 0.9279183673469388, 'sum_pnl_pct_Median': -0.47545149999999947, 'seed_gate_passed': True}
03:17:38 [INFO] wf_grid.logging_.diagnostics:   {'grid_rank': 3, 'grid_point_id': 'atr53_m1.00_revers', 'tier': 1, 'tester_seed_score': 0.9203265306122449, 'sum_pnl_pct_Median': -0.45721199999999984, 'seed_gate_passed': True}
03:17:38 [INFO] wf_grid.logging_.diagnostics:   {'grid_rank': 4, 'grid_point_id': 'atr47_m1.00_revers', 'tier': 1, 'tester_seed_score': 0.9166530612244899, 'sum_pnl_pct_Median': -0.7232819999999999, 'seed_gate_passed': True}
03:17:38 [INFO] wf_grid.logging_.diagnostics:   {'grid_rank': 5, 'grid_point_id': 'atr51_m1.00_revers', 'tier': 1, 'tester_seed_score': 0.9164081632653062, 'sum_pnl_pct_Median': -0.5155475, 'seed_gate_passed': True}
03:17:38 [INFO] wf_grid.logging_.diagnostics: Timing breakdown:
03:17:38 [INFO] wf_grid.logging_.diagnostics:   config_load: 0.01s
03:17:38 [INFO] wf_grid.logging_.diagnostics:   data_load: 1.74s
03:17:38 [INFO] wf_grid.logging_.diagnostics:   data_validation: 0.04s
03:17:38 [INFO] wf_grid.logging_.diagnostics:   ppy_resolve: 0.00s
03:17:38 [INFO] wf_grid.logging_.diagnostics:   warmup_resolve: 0.00s
03:17:38 [INFO] wf_grid.logging_.diagnostics:   zigzag_global_stats: 0.21s
03:17:38 [INFO] wf_grid.logging_.diagnostics:   wf_slicing: 0.00s
03:17:38 [INFO] wf_grid.logging_.diagnostics:   grid_enum: 0.00s
03:17:38 [INFO] wf_grid.logging_.diagnostics:   wf_grid_execution: 610.70s
03:17:38 [INFO] wf_grid.logging_.diagnostics:   collection: 0.05s
03:17:38 [INFO] wf_grid.logging_.diagnostics:   metric_contracts: 0.12s
03:17:38 [INFO] wf_grid.logging_.diagnostics:   bucket_matrix_median: 0.08s
03:17:38 [INFO] wf_grid.logging_.diagnostics:   step_gates: 0.00s
03:17:38 [INFO] wf_grid.logging_.diagnostics:   aggregation: 0.49s
03:17:38 [INFO] wf_grid.logging_.diagnostics:   candidate_gates: 0.00s
03:17:38 [INFO] wf_grid.logging_.diagnostics:   scoring: 0.01s
03:17:38 [INFO] wf_grid.logging_.diagnostics:   ranking: 0.00s
03:17:38 [INFO] wf_grid.logging_.diagnostics:   top1_trade_export_filter: 0.02s
03:17:38 [INFO] wf_grid.logging_.diagnostics:   summary_build: 0.09s
03:17:38 [INFO] wf_grid.logging_.diagnostics:   xlsx_export: 16.25s
03:17:38 [INFO] wf_grid.logging_.diagnostics: ============================================================
Config:  C:\Users\Artem\Desktop\3.1_wf_grid\config\grid_matrix_045.yaml
Output:  C:\Users\Artem\Desktop\3.1_wf_grid\results\batch\grid_matrix_045_20260508_030708.xlsx


[OK] XLSX saved to: C:\Users\Artem\Desktop\3.1_wf_grid\results\batch\grid_matrix_045_20260508_030708.xlsx

Grid:        246 points x 10 WF steps
Step status: {'ok': 2460}
Tier dist:   {1: 246}

Top-5 ranked:
  {'grid_rank': 1, 'grid_point_id': 'atr40_m1.00_revers', 'tier': 1, 'tester_seed_score': 0.9318367346938776, 'sum_pnl_pct_Median': -0.6836065, 'seed_gate_passed': True}
  {'grid_rank': 2, 'grid_point_id': 'atr60_m1.00_revers', 'tier': 1, 'tester_seed_score': 0.9279183673469388, 'sum_pnl_pct_Median': -0.47545149999999947, 'seed_gate_passed': True}
  {'grid_rank': 3, 'grid_point_id': 'atr53_m1.00_revers', 'tier': 1, 'tester_seed_score': 0.9203265306122449, 'sum_pnl_pct_Median': -0.45721199999999984, 'seed_gate_passed': True}
  {'grid_rank': 4, 'grid_point_id': 'atr47_m1.00_revers', 'tier': 1, 'tester_seed_score': 0.9166530612244899, 'sum_pnl_pct_Median': -0.7232819999999999, 'seed_gate_passed': True}
  {'grid_rank': 5, 'grid_point_id': 'atr51_m1.00_revers', 'tier': 1, 'tester_seed_score': 0.9164081632653062, 'sum_pnl_pct_Median': -0.5155475, 'seed_gate_passed': True}

Timing:
  config_load              : 0.01s
  data_load                : 1.74s
  data_validation          : 0.04s
  ppy_resolve              : 0.00s
  warmup_resolve           : 0.00s
  zigzag_global_stats      : 0.21s
  wf_slicing               : 0.00s
  grid_enum                : 0.00s
  wf_grid_execution        : 610.70s
  collection               : 0.05s
  metric_contracts         : 0.12s
  bucket_matrix_median     : 0.08s
  step_gates               : 0.00s
  aggregation              : 0.49s
  candidate_gates          : 0.00s
  scoring                  : 0.01s
  ranking                  : 0.00s
  top1_trade_export_filter : 0.02s
  summary_build            : 0.09s
  xlsx_export              : 16.25s
