22:06:06 [INFO] supertrend_optimizer.data.timeframe: annualization_factor=252.0 (numeric) overrides annualization_basis='trading'; basis ignored.
22:06:07 [INFO] wf_grid.pipeline.orchestrator: ZigZag global stats built: global_median=0.003574, candidate_trigger_threshold=0.005917, n_legs=4535
22:06:07 [INFO] wf_grid.pipeline.orchestrator: Pipeline: 246 grid points \xd7 10 WF steps = 2460 total evaluations
22:07:19 [INFO] wf_grid.pipeline.orchestrator:   Parallel WF: 24/246 grid points done
22:08:00 [INFO] wf_grid.pipeline.orchestrator:   Parallel WF: 48/246 grid points done
22:09:04 [INFO] wf_grid.pipeline.orchestrator:   Parallel WF: 72/246 grid points done
22:09:47 [INFO] wf_grid.pipeline.orchestrator:   Parallel WF: 96/246 grid points done
22:10:49 [INFO] wf_grid.pipeline.orchestrator:   Parallel WF: 120/246 grid points done
22:11:35 [INFO] wf_grid.pipeline.orchestrator:   Parallel WF: 144/246 grid points done
22:12:35 [INFO] wf_grid.pipeline.orchestrator:   Parallel WF: 168/246 grid points done
22:13:22 [INFO] wf_grid.pipeline.orchestrator:   Parallel WF: 192/246 grid points done
22:14:20 [INFO] wf_grid.pipeline.orchestrator:   Parallel WF: 216/246 grid points done
22:15:04 [INFO] wf_grid.pipeline.orchestrator:   Parallel WF: 240/246 grid points done
22:15:20 [INFO] wf_grid.logging_.diagnostics: ============================================================
22:15:20 [INFO] wf_grid.logging_.diagnostics: Pipeline Diagnostics Summary
22:15:20 [INFO] wf_grid.logging_.diagnostics: ============================================================
22:15:20 [INFO] wf_grid.logging_.diagnostics: Grid: 246 points \xd7 10 WF steps
22:15:20 [INFO] wf_grid.logging_.diagnostics: Step status distribution: {'ok': 1783, 'no_trades': 654, 'invalid': 23}
22:15:20 [INFO] wf_grid.logging_.diagnostics: Tier distribution: {2: 246}
22:15:20 [INFO] wf_grid.logging_.diagnostics: Top 5 ranked:
22:15:20 [INFO] wf_grid.logging_.diagnostics:   {'grid_rank': 1, 'grid_point_id': 'atr22_m1.00_revers', 'tier': 2, 'tester_seed_score': 0.6268571428571429, 'sum_pnl_pct_Median': -0.636999, 'seed_gate_passed': True}
22:15:20 [INFO] wf_grid.logging_.diagnostics:   {'grid_rank': 2, 'grid_point_id': 'atr60_m1.00_revers', 'tier': 2, 'tester_seed_score': 0.9101224489795917, 'sum_pnl_pct_Median': -0.6483420000000002, 'seed_gate_passed': True}
22:15:20 [INFO] wf_grid.logging_.diagnostics:   {'grid_rank': 3, 'grid_point_id': 'atr20_m1.00_revers', 'tier': 2, 'tester_seed_score': 0.7765306122448979, 'sum_pnl_pct_Median': -0.7086070000000002, 'seed_gate_passed': True}
22:15:20 [INFO] wf_grid.logging_.diagnostics:   {'grid_rank': 4, 'grid_point_id': 'atr21_m1.00_revers', 'tier': 2, 'tester_seed_score': 0.7851020408163264, 'sum_pnl_pct_Median': -0.7259445000000002, 'seed_gate_passed': True}
22:15:20 [INFO] wf_grid.logging_.diagnostics:   {'grid_rank': 5, 'grid_point_id': 'atr57_m1.00_revers', 'tier': 2, 'tester_seed_score': 0.8780816326530612, 'sum_pnl_pct_Median': -0.8091499999999999, 'seed_gate_passed': True}
22:15:20 [INFO] wf_grid.logging_.diagnostics: Timing breakdown:
22:15:20 [INFO] wf_grid.logging_.diagnostics:   config_load: 0.01s
22:15:20 [INFO] wf_grid.logging_.diagnostics:   data_load: 1.68s
22:15:20 [INFO] wf_grid.logging_.diagnostics:   data_validation: 0.03s
22:15:20 [INFO] wf_grid.logging_.diagnostics:   ppy_resolve: 0.00s
22:15:20 [INFO] wf_grid.logging_.diagnostics:   warmup_resolve: 0.00s
22:15:20 [INFO] wf_grid.logging_.diagnostics:   zigzag_global_stats: 0.20s
22:15:20 [INFO] wf_grid.logging_.diagnostics:   wf_slicing: 0.00s
22:15:20 [INFO] wf_grid.logging_.diagnostics:   grid_enum: 0.00s
22:15:20 [INFO] wf_grid.logging_.diagnostics:   wf_grid_execution: 548.74s
22:15:20 [INFO] wf_grid.logging_.diagnostics:   collection: 0.05s
22:15:20 [INFO] wf_grid.logging_.diagnostics:   metric_contracts: 0.09s
22:15:20 [INFO] wf_grid.logging_.diagnostics:   bucket_matrix_median: 0.07s
22:15:20 [INFO] wf_grid.logging_.diagnostics:   step_gates: 0.00s
22:15:20 [INFO] wf_grid.logging_.diagnostics:   aggregation: 0.53s
22:15:20 [INFO] wf_grid.logging_.diagnostics:   candidate_gates: 0.00s
22:15:20 [INFO] wf_grid.logging_.diagnostics:   scoring: 0.01s
22:15:20 [INFO] wf_grid.logging_.diagnostics:   ranking: 0.00s
22:15:20 [INFO] wf_grid.logging_.diagnostics:   top1_trade_export_filter: 0.02s
22:15:20 [INFO] wf_grid.logging_.diagnostics:   summary_build: 0.09s
22:15:20 [INFO] wf_grid.logging_.diagnostics:   xlsx_export: 3.95s
22:15:20 [INFO] wf_grid.logging_.diagnostics: ============================================================
Config:  C:\Users\Artem\Desktop\3.1_wf_grid\config\grid_matrix_016.yaml
Output:  C:\Users\Artem\Desktop\3.1_wf_grid\results\batch\grid_matrix_016_20260507_220604.xlsx


[OK] XLSX saved to: C:\Users\Artem\Desktop\3.1_wf_grid\results\batch\grid_matrix_016_20260507_220604.xlsx

Grid:        246 points x 10 WF steps
Step status: {'ok': 1783, 'no_trades': 654, 'invalid': 23}
Tier dist:   {2: 246}

Top-5 ranked:
  {'grid_rank': 1, 'grid_point_id': 'atr22_m1.00_revers', 'tier': 2, 'tester_seed_score': 0.6268571428571429, 'sum_pnl_pct_Median': -0.636999, 'seed_gate_passed': True}
  {'grid_rank': 2, 'grid_point_id': 'atr60_m1.00_revers', 'tier': 2, 'tester_seed_score': 0.9101224489795917, 'sum_pnl_pct_Median': -0.6483420000000002, 'seed_gate_passed': True}
  {'grid_rank': 3, 'grid_point_id': 'atr20_m1.00_revers', 'tier': 2, 'tester_seed_score': 0.7765306122448979, 'sum_pnl_pct_Median': -0.7086070000000002, 'seed_gate_passed': True}
  {'grid_rank': 4, 'grid_point_id': 'atr21_m1.00_revers', 'tier': 2, 'tester_seed_score': 0.7851020408163264, 'sum_pnl_pct_Median': -0.7259445000000002, 'seed_gate_passed': True}
  {'grid_rank': 5, 'grid_point_id': 'atr57_m1.00_revers', 'tier': 2, 'tester_seed_score': 0.8780816326530612, 'sum_pnl_pct_Median': -0.8091499999999999, 'seed_gate_passed': True}

Timing:
  config_load              : 0.01s
  data_load                : 1.68s
  data_validation          : 0.03s
  ppy_resolve              : 0.00s
  warmup_resolve           : 0.00s
  zigzag_global_stats      : 0.20s
  wf_slicing               : 0.00s
  grid_enum                : 0.00s
  wf_grid_execution        : 548.74s
  collection               : 0.05s
  metric_contracts         : 0.09s
  bucket_matrix_median     : 0.07s
  step_gates               : 0.00s
  aggregation              : 0.53s
  candidate_gates          : 0.00s
  scoring                  : 0.01s
  ranking                  : 0.00s
  top1_trade_export_filter : 0.02s
  summary_build            : 0.09s
  xlsx_export              : 3.95s
