21:04:04 [INFO] supertrend_optimizer.data.timeframe: annualization_factor=252.0 (numeric) overrides annualization_basis='trading'; basis ignored.
21:04:04 [INFO] wf_grid.pipeline.orchestrator: ZigZag global stats built: global_median=0.003574, candidate_trigger_threshold=0.005917, n_legs=4535
21:04:04 [INFO] wf_grid.pipeline.orchestrator: Pipeline: 246 grid points \xd7 10 WF steps = 2460 total evaluations
21:05:24 [INFO] wf_grid.pipeline.orchestrator:   Parallel WF: 24/246 grid points done
21:06:08 [INFO] wf_grid.pipeline.orchestrator:   Parallel WF: 48/246 grid points done
21:07:19 [INFO] wf_grid.pipeline.orchestrator:   Parallel WF: 72/246 grid points done
21:08:04 [INFO] wf_grid.pipeline.orchestrator:   Parallel WF: 96/246 grid points done
21:09:14 [INFO] wf_grid.pipeline.orchestrator:   Parallel WF: 120/246 grid points done
21:10:00 [INFO] wf_grid.pipeline.orchestrator:   Parallel WF: 144/246 grid points done
21:11:10 [INFO] wf_grid.pipeline.orchestrator:   Parallel WF: 168/246 grid points done
21:11:57 [INFO] wf_grid.pipeline.orchestrator:   Parallel WF: 192/246 grid points done
21:13:06 [INFO] wf_grid.pipeline.orchestrator:   Parallel WF: 216/246 grid points done
21:13:52 [INFO] wf_grid.pipeline.orchestrator:   Parallel WF: 240/246 grid points done
21:14:23 [INFO] wf_grid.logging_.diagnostics: ============================================================
21:14:23 [INFO] wf_grid.logging_.diagnostics: Pipeline Diagnostics Summary
21:14:23 [INFO] wf_grid.logging_.diagnostics: ============================================================
21:14:23 [INFO] wf_grid.logging_.diagnostics: Grid: 246 points \xd7 10 WF steps
21:14:23 [INFO] wf_grid.logging_.diagnostics: Step status distribution: {'ok': 2460}
21:14:23 [INFO] wf_grid.logging_.diagnostics: Tier distribution: {1: 246}
21:14:23 [INFO] wf_grid.logging_.diagnostics: Top 5 ranked:
21:14:23 [INFO] wf_grid.logging_.diagnostics:   {'grid_rank': 1, 'grid_point_id': 'atr21_m1.00_revers', 'tier': 1, 'tester_seed_score': 0.9731428571428571, 'sum_pnl_pct_Median': -0.0016825000000001838, 'seed_gate_passed': True}
21:14:23 [INFO] wf_grid.logging_.diagnostics:   {'grid_rank': 2, 'grid_point_id': 'atr25_m1.00_revers', 'tier': 1, 'tester_seed_score': 0.9694693877551019, 'sum_pnl_pct_Median': -0.2405074999999999, 'seed_gate_passed': True}
21:14:23 [INFO] wf_grid.logging_.diagnostics:   {'grid_rank': 3, 'grid_point_id': 'atr26_m1.00_revers', 'tier': 1, 'tester_seed_score': 0.9626122448979593, 'sum_pnl_pct_Median': -0.25643900000000097, 'seed_gate_passed': True}
21:14:23 [INFO] wf_grid.logging_.diagnostics:   {'grid_rank': 4, 'grid_point_id': 'atr40_m1.00_revers', 'tier': 1, 'tester_seed_score': 0.958204081632653, 'sum_pnl_pct_Median': -0.3965670000000001, 'seed_gate_passed': True}
21:14:23 [INFO] wf_grid.logging_.diagnostics:   {'grid_rank': 5, 'grid_point_id': 'atr27_m1.00_revers', 'tier': 1, 'tester_seed_score': 0.9535510204081634, 'sum_pnl_pct_Median': -0.38193150000000065, 'seed_gate_passed': True}
21:14:23 [INFO] wf_grid.logging_.diagnostics: Timing breakdown:
21:14:23 [INFO] wf_grid.logging_.diagnostics:   config_load: 0.01s
21:14:23 [INFO] wf_grid.logging_.diagnostics:   data_load: 1.68s
21:14:23 [INFO] wf_grid.logging_.diagnostics:   data_validation: 0.03s
21:14:23 [INFO] wf_grid.logging_.diagnostics:   ppy_resolve: 0.00s
21:14:23 [INFO] wf_grid.logging_.diagnostics:   warmup_resolve: 0.00s
21:14:23 [INFO] wf_grid.logging_.diagnostics:   zigzag_global_stats: 0.20s
21:14:23 [INFO] wf_grid.logging_.diagnostics:   wf_slicing: 0.00s
21:14:23 [INFO] wf_grid.logging_.diagnostics:   grid_enum: 0.00s
21:14:23 [INFO] wf_grid.logging_.diagnostics:   wf_grid_execution: 602.76s
21:14:23 [INFO] wf_grid.logging_.diagnostics:   collection: 0.06s
21:14:23 [INFO] wf_grid.logging_.diagnostics:   metric_contracts: 0.12s
21:14:23 [INFO] wf_grid.logging_.diagnostics:   bucket_matrix_median: 0.08s
21:14:23 [INFO] wf_grid.logging_.diagnostics:   step_gates: 0.00s
21:14:23 [INFO] wf_grid.logging_.diagnostics:   aggregation: 0.49s
21:14:23 [INFO] wf_grid.logging_.diagnostics:   candidate_gates: 0.00s
21:14:23 [INFO] wf_grid.logging_.diagnostics:   scoring: 0.01s
21:14:23 [INFO] wf_grid.logging_.diagnostics:   ranking: 0.00s
21:14:23 [INFO] wf_grid.logging_.diagnostics:   top1_trade_export_filter: 0.02s
21:14:23 [INFO] wf_grid.logging_.diagnostics:   summary_build: 0.09s
21:14:23 [INFO] wf_grid.logging_.diagnostics:   xlsx_export: 15.55s
21:14:23 [INFO] wf_grid.logging_.diagnostics: ============================================================
Config:  C:\Users\Artem\Desktop\3.1_wf_grid\config\grid_matrix_010.yaml
Output:  C:\Users\Artem\Desktop\3.1_wf_grid\results\batch\grid_matrix_010_20260507_210401.xlsx


[OK] XLSX saved to: C:\Users\Artem\Desktop\3.1_wf_grid\results\batch\grid_matrix_010_20260507_210401.xlsx

Grid:        246 points x 10 WF steps
Step status: {'ok': 2460}
Tier dist:   {1: 246}

Top-5 ranked:
  {'grid_rank': 1, 'grid_point_id': 'atr21_m1.00_revers', 'tier': 1, 'tester_seed_score': 0.9731428571428571, 'sum_pnl_pct_Median': -0.0016825000000001838, 'seed_gate_passed': True}
  {'grid_rank': 2, 'grid_point_id': 'atr25_m1.00_revers', 'tier': 1, 'tester_seed_score': 0.9694693877551019, 'sum_pnl_pct_Median': -0.2405074999999999, 'seed_gate_passed': True}
  {'grid_rank': 3, 'grid_point_id': 'atr26_m1.00_revers', 'tier': 1, 'tester_seed_score': 0.9626122448979593, 'sum_pnl_pct_Median': -0.25643900000000097, 'seed_gate_passed': True}
  {'grid_rank': 4, 'grid_point_id': 'atr40_m1.00_revers', 'tier': 1, 'tester_seed_score': 0.958204081632653, 'sum_pnl_pct_Median': -0.3965670000000001, 'seed_gate_passed': True}
  {'grid_rank': 5, 'grid_point_id': 'atr27_m1.00_revers', 'tier': 1, 'tester_seed_score': 0.9535510204081634, 'sum_pnl_pct_Median': -0.38193150000000065, 'seed_gate_passed': True}

Timing:
  config_load              : 0.01s
  data_load                : 1.68s
  data_validation          : 0.03s
  ppy_resolve              : 0.00s
  warmup_resolve           : 0.00s
  zigzag_global_stats      : 0.20s
  wf_slicing               : 0.00s
  grid_enum                : 0.00s
  wf_grid_execution        : 602.76s
  collection               : 0.06s
  metric_contracts         : 0.12s
  bucket_matrix_median     : 0.08s
  step_gates               : 0.00s
  aggregation              : 0.49s
  candidate_gates          : 0.00s
  scoring                  : 0.01s
  ranking                  : 0.00s
  top1_trade_export_filter : 0.02s
  summary_build            : 0.09s
  xlsx_export              : 15.55s
