02:05:31 [INFO] supertrend_optimizer.data.timeframe: annualization_factor=252.0 (numeric) overrides annualization_basis='trading'; basis ignored.
02:05:31 [INFO] wf_grid.pipeline.orchestrator: ZigZag global stats built: global_median=0.003574, candidate_trigger_threshold=0.005917, n_legs=4535
02:05:31 [INFO] wf_grid.pipeline.orchestrator: Pipeline: 246 grid points \xd7 10 WF steps = 2460 total evaluations
02:06:50 [INFO] wf_grid.pipeline.orchestrator:   Parallel WF: 24/246 grid points done
02:07:35 [INFO] wf_grid.pipeline.orchestrator:   Parallel WF: 48/246 grid points done
02:08:46 [INFO] wf_grid.pipeline.orchestrator:   Parallel WF: 72/246 grid points done
02:09:32 [INFO] wf_grid.pipeline.orchestrator:   Parallel WF: 96/246 grid points done
02:10:43 [INFO] wf_grid.pipeline.orchestrator:   Parallel WF: 120/246 grid points done
02:11:29 [INFO] wf_grid.pipeline.orchestrator:   Parallel WF: 144/246 grid points done
02:12:38 [INFO] wf_grid.pipeline.orchestrator:   Parallel WF: 168/246 grid points done
02:13:26 [INFO] wf_grid.pipeline.orchestrator:   Parallel WF: 192/246 grid points done
02:14:33 [INFO] wf_grid.pipeline.orchestrator:   Parallel WF: 216/246 grid points done
02:15:20 [INFO] wf_grid.pipeline.orchestrator:   Parallel WF: 240/246 grid points done
02:15:48 [INFO] wf_grid.logging_.diagnostics: ============================================================
02:15:48 [INFO] wf_grid.logging_.diagnostics: Pipeline Diagnostics Summary
02:15:48 [INFO] wf_grid.logging_.diagnostics: ============================================================
02:15:48 [INFO] wf_grid.logging_.diagnostics: Grid: 246 points \xd7 10 WF steps
02:15:48 [INFO] wf_grid.logging_.diagnostics: Step status distribution: {'ok': 2460}
02:15:48 [INFO] wf_grid.logging_.diagnostics: Tier distribution: {1: 246}
02:15:48 [INFO] wf_grid.logging_.diagnostics: Top 5 ranked:
02:15:48 [INFO] wf_grid.logging_.diagnostics:   {'grid_rank': 1, 'grid_point_id': 'atr21_m1.00_revers', 'tier': 1, 'tester_seed_score': 0.9761224489795919, 'sum_pnl_pct_Median': 0.16057849999999946, 'seed_gate_passed': True}
02:15:48 [INFO] wf_grid.logging_.diagnostics:   {'grid_rank': 2, 'grid_point_id': 'atr22_m1.00_revers', 'tier': 1, 'tester_seed_score': 0.9758775510204082, 'sum_pnl_pct_Median': 0.043793999999999375, 'seed_gate_passed': True}
02:15:48 [INFO] wf_grid.logging_.diagnostics:   {'grid_rank': 3, 'grid_point_id': 'atr25_m1.00_revers', 'tier': 1, 'tester_seed_score': 0.972938775510204, 'sum_pnl_pct_Median': -0.12559049999999997, 'seed_gate_passed': True}
02:15:48 [INFO] wf_grid.logging_.diagnostics:   {'grid_rank': 4, 'grid_point_id': 'atr26_m1.00_revers', 'tier': 1, 'tester_seed_score': 0.967795918367347, 'sum_pnl_pct_Median': -0.14152200000000026, 'seed_gate_passed': True}
02:15:48 [INFO] wf_grid.logging_.diagnostics:   {'grid_rank': 5, 'grid_point_id': 'atr27_m1.00_revers', 'tier': 1, 'tester_seed_score': 0.956530612244898, 'sum_pnl_pct_Median': -0.2670145000000008, 'seed_gate_passed': True}
02:15:48 [INFO] wf_grid.logging_.diagnostics: Timing breakdown:
02:15:48 [INFO] wf_grid.logging_.diagnostics:   config_load: 0.01s
02:15:48 [INFO] wf_grid.logging_.diagnostics:   data_load: 1.68s
02:15:48 [INFO] wf_grid.logging_.diagnostics:   data_validation: 0.03s
02:15:48 [INFO] wf_grid.logging_.diagnostics:   ppy_resolve: 0.00s
02:15:48 [INFO] wf_grid.logging_.diagnostics:   warmup_resolve: 0.00s
02:15:48 [INFO] wf_grid.logging_.diagnostics:   zigzag_global_stats: 0.21s
02:15:48 [INFO] wf_grid.logging_.diagnostics:   wf_slicing: 0.00s
02:15:48 [INFO] wf_grid.logging_.diagnostics:   grid_enum: 0.00s
02:15:48 [INFO] wf_grid.logging_.diagnostics:   wf_grid_execution: 601.69s
02:15:48 [INFO] wf_grid.logging_.diagnostics:   collection: 0.05s
02:15:48 [INFO] wf_grid.logging_.diagnostics:   metric_contracts: 0.12s
02:15:48 [INFO] wf_grid.logging_.diagnostics:   bucket_matrix_median: 0.08s
02:15:48 [INFO] wf_grid.logging_.diagnostics:   step_gates: 0.00s
02:15:48 [INFO] wf_grid.logging_.diagnostics:   aggregation: 0.49s
02:15:48 [INFO] wf_grid.logging_.diagnostics:   candidate_gates: 0.00s
02:15:48 [INFO] wf_grid.logging_.diagnostics:   scoring: 0.01s
02:15:48 [INFO] wf_grid.logging_.diagnostics:   ranking: 0.00s
02:15:48 [INFO] wf_grid.logging_.diagnostics:   top1_trade_export_filter: 0.02s
02:15:48 [INFO] wf_grid.logging_.diagnostics:   summary_build: 0.09s
02:15:48 [INFO] wf_grid.logging_.diagnostics:   xlsx_export: 14.02s
02:15:48 [INFO] wf_grid.logging_.diagnostics: ============================================================
Config:  C:\Users\Artem\Desktop\3.1_wf_grid\config\grid_matrix_039.yaml
Output:  C:\Users\Artem\Desktop\3.1_wf_grid\results\batch\grid_matrix_039_20260508_020529.xlsx


[OK] XLSX saved to: C:\Users\Artem\Desktop\3.1_wf_grid\results\batch\grid_matrix_039_20260508_020529.xlsx

Grid:        246 points x 10 WF steps
Step status: {'ok': 2460}
Tier dist:   {1: 246}

Top-5 ranked:
  {'grid_rank': 1, 'grid_point_id': 'atr21_m1.00_revers', 'tier': 1, 'tester_seed_score': 0.9761224489795919, 'sum_pnl_pct_Median': 0.16057849999999946, 'seed_gate_passed': True}
  {'grid_rank': 2, 'grid_point_id': 'atr22_m1.00_revers', 'tier': 1, 'tester_seed_score': 0.9758775510204082, 'sum_pnl_pct_Median': 0.043793999999999375, 'seed_gate_passed': True}
  {'grid_rank': 3, 'grid_point_id': 'atr25_m1.00_revers', 'tier': 1, 'tester_seed_score': 0.972938775510204, 'sum_pnl_pct_Median': -0.12559049999999997, 'seed_gate_passed': True}
  {'grid_rank': 4, 'grid_point_id': 'atr26_m1.00_revers', 'tier': 1, 'tester_seed_score': 0.967795918367347, 'sum_pnl_pct_Median': -0.14152200000000026, 'seed_gate_passed': True}
  {'grid_rank': 5, 'grid_point_id': 'atr27_m1.00_revers', 'tier': 1, 'tester_seed_score': 0.956530612244898, 'sum_pnl_pct_Median': -0.2670145000000008, 'seed_gate_passed': True}

Timing:
  config_load              : 0.01s
  data_load                : 1.68s
  data_validation          : 0.03s
  ppy_resolve              : 0.00s
  warmup_resolve           : 0.00s
  zigzag_global_stats      : 0.21s
  wf_slicing               : 0.00s
  grid_enum                : 0.00s
  wf_grid_execution        : 601.69s
  collection               : 0.05s
  metric_contracts         : 0.12s
  bucket_matrix_median     : 0.08s
  step_gates               : 0.00s
  aggregation              : 0.49s
  candidate_gates          : 0.00s
  scoring                  : 0.01s
  ranking                  : 0.00s
  top1_trade_export_filter : 0.02s
  summary_build            : 0.09s
  xlsx_export              : 14.02s
