03:27:00 [INFO] supertrend_optimizer.data.timeframe: annualization_factor=252.0 (numeric) overrides annualization_basis='trading'; basis ignored.
03:27:00 [INFO] wf_grid.pipeline.orchestrator: ZigZag global stats built: global_median=0.003574, candidate_trigger_threshold=0.005917, n_legs=4535
03:27:00 [INFO] wf_grid.pipeline.orchestrator: Pipeline: 246 grid points \xd7 10 WF steps = 2460 total evaluations
03:28:18 [INFO] wf_grid.pipeline.orchestrator:   Parallel WF: 24/246 grid points done
03:29:03 [INFO] wf_grid.pipeline.orchestrator:   Parallel WF: 48/246 grid points done
03:30:13 [INFO] wf_grid.pipeline.orchestrator:   Parallel WF: 72/246 grid points done
03:30:58 [INFO] wf_grid.pipeline.orchestrator:   Parallel WF: 96/246 grid points done
03:32:07 [INFO] wf_grid.pipeline.orchestrator:   Parallel WF: 120/246 grid points done
03:32:53 [INFO] wf_grid.pipeline.orchestrator:   Parallel WF: 144/246 grid points done
03:34:02 [INFO] wf_grid.pipeline.orchestrator:   Parallel WF: 168/246 grid points done
03:34:49 [INFO] wf_grid.pipeline.orchestrator:   Parallel WF: 192/246 grid points done
03:35:57 [INFO] wf_grid.pipeline.orchestrator:   Parallel WF: 216/246 grid points done
03:36:41 [INFO] wf_grid.pipeline.orchestrator:   Parallel WF: 240/246 grid points done
03:37:10 [INFO] wf_grid.logging_.diagnostics: ============================================================
03:37:10 [INFO] wf_grid.logging_.diagnostics: Pipeline Diagnostics Summary
03:37:10 [INFO] wf_grid.logging_.diagnostics: ============================================================
03:37:10 [INFO] wf_grid.logging_.diagnostics: Grid: 246 points \xd7 10 WF steps
03:37:10 [INFO] wf_grid.logging_.diagnostics: Step status distribution: {'ok': 2460}
03:37:10 [INFO] wf_grid.logging_.diagnostics: Tier distribution: {1: 246}
03:37:10 [INFO] wf_grid.logging_.diagnostics: Top 5 ranked:
03:37:10 [INFO] wf_grid.logging_.diagnostics:   {'grid_rank': 1, 'grid_point_id': 'atr25_m1.00_revers', 'tier': 1, 'tester_seed_score': 0.9806122448979592, 'sum_pnl_pct_Median': 0.9833255000000003, 'seed_gate_passed': True}
03:37:10 [INFO] wf_grid.logging_.diagnostics:   {'grid_rank': 2, 'grid_point_id': 'atr28_m1.00_revers', 'tier': 1, 'tester_seed_score': 0.973265306122449, 'sum_pnl_pct_Median': 0.8461425000000005, 'seed_gate_passed': True}
03:37:10 [INFO] wf_grid.logging_.diagnostics:   {'grid_rank': 3, 'grid_point_id': 'atr26_m1.00_revers', 'tier': 1, 'tester_seed_score': 0.9668979591836735, 'sum_pnl_pct_Median': 0.7605595000000005, 'seed_gate_passed': True}
03:37:10 [INFO] wf_grid.logging_.diagnostics:   {'grid_rank': 4, 'grid_point_id': 'atr23_m1.00_revers', 'tier': 1, 'tester_seed_score': 0.9661632653061223, 'sum_pnl_pct_Median': 0.9052840000000009, 'seed_gate_passed': True}
03:37:10 [INFO] wf_grid.logging_.diagnostics:   {'grid_rank': 5, 'grid_point_id': 'atr22_m1.00_revers', 'tier': 1, 'tester_seed_score': 0.9646938775510204, 'sum_pnl_pct_Median': 0.7870659999999998, 'seed_gate_passed': True}
03:37:10 [INFO] wf_grid.logging_.diagnostics: Timing breakdown:
03:37:10 [INFO] wf_grid.logging_.diagnostics:   config_load: 0.01s
03:37:10 [INFO] wf_grid.logging_.diagnostics:   data_load: 1.66s
03:37:10 [INFO] wf_grid.logging_.diagnostics:   data_validation: 0.03s
03:37:10 [INFO] wf_grid.logging_.diagnostics:   ppy_resolve: 0.00s
03:37:10 [INFO] wf_grid.logging_.diagnostics:   warmup_resolve: 0.00s
03:37:10 [INFO] wf_grid.logging_.diagnostics:   zigzag_global_stats: 0.21s
03:37:10 [INFO] wf_grid.logging_.diagnostics:   wf_slicing: 0.00s
03:37:10 [INFO] wf_grid.logging_.diagnostics:   grid_enum: 0.00s
03:37:10 [INFO] wf_grid.logging_.diagnostics:   wf_grid_execution: 595.64s
03:37:10 [INFO] wf_grid.logging_.diagnostics:   collection: 0.05s
03:37:10 [INFO] wf_grid.logging_.diagnostics:   metric_contracts: 0.12s
03:37:10 [INFO] wf_grid.logging_.diagnostics:   bucket_matrix_median: 0.08s
03:37:10 [INFO] wf_grid.logging_.diagnostics:   step_gates: 0.00s
03:37:10 [INFO] wf_grid.logging_.diagnostics:   aggregation: 0.49s
03:37:10 [INFO] wf_grid.logging_.diagnostics:   candidate_gates: 0.00s
03:37:10 [INFO] wf_grid.logging_.diagnostics:   scoring: 0.01s
03:37:10 [INFO] wf_grid.logging_.diagnostics:   ranking: 0.00s
03:37:10 [INFO] wf_grid.logging_.diagnostics:   top1_trade_export_filter: 0.02s
03:37:10 [INFO] wf_grid.logging_.diagnostics:   summary_build: 0.09s
03:37:10 [INFO] wf_grid.logging_.diagnostics:   xlsx_export: 13.69s
03:37:10 [INFO] wf_grid.logging_.diagnostics: ============================================================
Config:  C:\Users\Artem\Desktop\3.1_wf_grid\config\grid_matrix_047.yaml
Output:  C:\Users\Artem\Desktop\3.1_wf_grid\results\batch\grid_matrix_047_20260508_032658.xlsx


[OK] XLSX saved to: C:\Users\Artem\Desktop\3.1_wf_grid\results\batch\grid_matrix_047_20260508_032658.xlsx

Grid:        246 points x 10 WF steps
Step status: {'ok': 2460}
Tier dist:   {1: 246}

Top-5 ranked:
  {'grid_rank': 1, 'grid_point_id': 'atr25_m1.00_revers', 'tier': 1, 'tester_seed_score': 0.9806122448979592, 'sum_pnl_pct_Median': 0.9833255000000003, 'seed_gate_passed': True}
  {'grid_rank': 2, 'grid_point_id': 'atr28_m1.00_revers', 'tier': 1, 'tester_seed_score': 0.973265306122449, 'sum_pnl_pct_Median': 0.8461425000000005, 'seed_gate_passed': True}
  {'grid_rank': 3, 'grid_point_id': 'atr26_m1.00_revers', 'tier': 1, 'tester_seed_score': 0.9668979591836735, 'sum_pnl_pct_Median': 0.7605595000000005, 'seed_gate_passed': True}
  {'grid_rank': 4, 'grid_point_id': 'atr23_m1.00_revers', 'tier': 1, 'tester_seed_score': 0.9661632653061223, 'sum_pnl_pct_Median': 0.9052840000000009, 'seed_gate_passed': True}
  {'grid_rank': 5, 'grid_point_id': 'atr22_m1.00_revers', 'tier': 1, 'tester_seed_score': 0.9646938775510204, 'sum_pnl_pct_Median': 0.7870659999999998, 'seed_gate_passed': True}

Timing:
  config_load              : 0.01s
  data_load                : 1.66s
  data_validation          : 0.03s
  ppy_resolve              : 0.00s
  warmup_resolve           : 0.00s
  zigzag_global_stats      : 0.21s
  wf_slicing               : 0.00s
  grid_enum                : 0.00s
  wf_grid_execution        : 595.64s
  collection               : 0.05s
  metric_contracts         : 0.12s
  bucket_matrix_median     : 0.08s
  step_gates               : 0.00s
  aggregation              : 0.49s
  candidate_gates          : 0.00s
  scoring                  : 0.01s
  ranking                  : 0.00s
  top1_trade_export_filter : 0.02s
  summary_build            : 0.09s
  xlsx_export              : 13.69s
