04:26:46 [INFO] supertrend_optimizer.data.timeframe: annualization_factor=252.0 (numeric) overrides annualization_basis='trading'; basis ignored.
04:26:46 [INFO] wf_grid.pipeline.orchestrator: ZigZag global stats built: global_median=0.003574, candidate_trigger_threshold=0.005917, n_legs=4535
04:26:46 [INFO] wf_grid.pipeline.orchestrator: Pipeline: 246 grid points \xd7 10 WF steps = 2460 total evaluations
04:27:59 [INFO] wf_grid.pipeline.orchestrator:   Parallel WF: 24/246 grid points done
04:28:40 [INFO] wf_grid.pipeline.orchestrator:   Parallel WF: 48/246 grid points done
04:29:46 [INFO] wf_grid.pipeline.orchestrator:   Parallel WF: 72/246 grid points done
04:30:26 [INFO] wf_grid.pipeline.orchestrator:   Parallel WF: 96/246 grid points done
04:31:32 [INFO] wf_grid.pipeline.orchestrator:   Parallel WF: 120/246 grid points done
04:32:15 [INFO] wf_grid.pipeline.orchestrator:   Parallel WF: 144/246 grid points done
04:33:18 [INFO] wf_grid.pipeline.orchestrator:   Parallel WF: 168/246 grid points done
04:34:04 [INFO] wf_grid.pipeline.orchestrator:   Parallel WF: 192/246 grid points done
04:35:04 [INFO] wf_grid.pipeline.orchestrator:   Parallel WF: 216/246 grid points done
04:35:47 [INFO] wf_grid.pipeline.orchestrator:   Parallel WF: 240/246 grid points done
04:36:03 [INFO] wf_grid.logging_.diagnostics: ============================================================
04:36:03 [INFO] wf_grid.logging_.diagnostics: Pipeline Diagnostics Summary
04:36:03 [INFO] wf_grid.logging_.diagnostics: ============================================================
04:36:03 [INFO] wf_grid.logging_.diagnostics: Grid: 246 points \xd7 10 WF steps
04:36:03 [INFO] wf_grid.logging_.diagnostics: Step status distribution: {'ok': 1806, 'no_trades': 492, 'invalid': 162}
04:36:03 [INFO] wf_grid.logging_.diagnostics: Tier distribution: {2: 246}
04:36:03 [INFO] wf_grid.logging_.diagnostics: Top 5 ranked:
04:36:03 [INFO] wf_grid.logging_.diagnostics:   {'grid_rank': 1, 'grid_point_id': 'atr60_m1.00_revers', 'tier': 2, 'tester_seed_score': 0.9524489795918367, 'sum_pnl_pct_Median': -0.5860885, 'seed_gate_passed': True}
04:36:03 [INFO] wf_grid.logging_.diagnostics:   {'grid_rank': 2, 'grid_point_id': 'atr59_m1.00_revers', 'tier': 2, 'tester_seed_score': 0.9507346938775509, 'sum_pnl_pct_Median': -0.5860885, 'seed_gate_passed': True}
04:36:03 [INFO] wf_grid.logging_.diagnostics:   {'grid_rank': 3, 'grid_point_id': 'atr58_m1.00_revers', 'tier': 2, 'tester_seed_score': 0.9512244897959183, 'sum_pnl_pct_Median': -0.5860885, 'seed_gate_passed': True}
04:36:03 [INFO] wf_grid.logging_.diagnostics:   {'grid_rank': 4, 'grid_point_id': 'atr23_m1.00_revers', 'tier': 2, 'tester_seed_score': 0.8637142857142857, 'sum_pnl_pct_Median': -0.6142735000000001, 'seed_gate_passed': True}
04:36:03 [INFO] wf_grid.logging_.diagnostics:   {'grid_rank': 5, 'grid_point_id': 'atr52_m1.00_revers', 'tier': 2, 'tester_seed_score': 0.9504897959183674, 'sum_pnl_pct_Median': -0.6369090000000001, 'seed_gate_passed': True}
04:36:03 [INFO] wf_grid.logging_.diagnostics: Timing breakdown:
04:36:03 [INFO] wf_grid.logging_.diagnostics:   config_load: 0.01s
04:36:03 [INFO] wf_grid.logging_.diagnostics:   data_load: 1.66s
04:36:03 [INFO] wf_grid.logging_.diagnostics:   data_validation: 0.03s
04:36:03 [INFO] wf_grid.logging_.diagnostics:   ppy_resolve: 0.00s
04:36:03 [INFO] wf_grid.logging_.diagnostics:   warmup_resolve: 0.00s
04:36:03 [INFO] wf_grid.logging_.diagnostics:   zigzag_global_stats: 0.20s
04:36:03 [INFO] wf_grid.logging_.diagnostics:   wf_slicing: 0.00s
04:36:03 [INFO] wf_grid.logging_.diagnostics:   grid_enum: 0.00s
04:36:03 [INFO] wf_grid.logging_.diagnostics:   wf_grid_execution: 552.49s
04:36:03 [INFO] wf_grid.logging_.diagnostics:   collection: 0.06s
04:36:03 [INFO] wf_grid.logging_.diagnostics:   metric_contracts: 0.10s
04:36:03 [INFO] wf_grid.logging_.diagnostics:   bucket_matrix_median: 0.07s
04:36:03 [INFO] wf_grid.logging_.diagnostics:   step_gates: 0.00s
04:36:03 [INFO] wf_grid.logging_.diagnostics:   aggregation: 0.52s
04:36:03 [INFO] wf_grid.logging_.diagnostics:   candidate_gates: 0.00s
04:36:03 [INFO] wf_grid.logging_.diagnostics:   scoring: 0.01s
04:36:03 [INFO] wf_grid.logging_.diagnostics:   ranking: 0.00s
04:36:03 [INFO] wf_grid.logging_.diagnostics:   top1_trade_export_filter: 0.02s
04:36:03 [INFO] wf_grid.logging_.diagnostics:   summary_build: 0.09s
04:36:03 [INFO] wf_grid.logging_.diagnostics:   xlsx_export: 3.78s
04:36:03 [INFO] wf_grid.logging_.diagnostics: ============================================================
Config:  C:\Users\Artem\Desktop\3.1_wf_grid\config\grid_matrix_053.yaml
Output:  C:\Users\Artem\Desktop\3.1_wf_grid\results\batch\grid_matrix_053_20260508_042644.xlsx


[OK] XLSX saved to: C:\Users\Artem\Desktop\3.1_wf_grid\results\batch\grid_matrix_053_20260508_042644.xlsx

Grid:        246 points x 10 WF steps
Step status: {'ok': 1806, 'no_trades': 492, 'invalid': 162}
Tier dist:   {2: 246}

Top-5 ranked:
  {'grid_rank': 1, 'grid_point_id': 'atr60_m1.00_revers', 'tier': 2, 'tester_seed_score': 0.9524489795918367, 'sum_pnl_pct_Median': -0.5860885, 'seed_gate_passed': True}
  {'grid_rank': 2, 'grid_point_id': 'atr59_m1.00_revers', 'tier': 2, 'tester_seed_score': 0.9507346938775509, 'sum_pnl_pct_Median': -0.5860885, 'seed_gate_passed': True}
  {'grid_rank': 3, 'grid_point_id': 'atr58_m1.00_revers', 'tier': 2, 'tester_seed_score': 0.9512244897959183, 'sum_pnl_pct_Median': -0.5860885, 'seed_gate_passed': True}
  {'grid_rank': 4, 'grid_point_id': 'atr23_m1.00_revers', 'tier': 2, 'tester_seed_score': 0.8637142857142857, 'sum_pnl_pct_Median': -0.6142735000000001, 'seed_gate_passed': True}
  {'grid_rank': 5, 'grid_point_id': 'atr52_m1.00_revers', 'tier': 2, 'tester_seed_score': 0.9504897959183674, 'sum_pnl_pct_Median': -0.6369090000000001, 'seed_gate_passed': True}

Timing:
  config_load              : 0.01s
  data_load                : 1.66s
  data_validation          : 0.03s
  ppy_resolve              : 0.00s
  warmup_resolve           : 0.00s
  zigzag_global_stats      : 0.20s
  wf_slicing               : 0.00s
  grid_enum                : 0.00s
  wf_grid_execution        : 552.49s
  collection               : 0.06s
  metric_contracts         : 0.10s
  bucket_matrix_median     : 0.07s
  step_gates               : 0.00s
  aggregation              : 0.52s
  candidate_gates          : 0.00s
  scoring                  : 0.01s
  ranking                  : 0.00s
  top1_trade_export_filter : 0.02s
  summary_build            : 0.09s
  xlsx_export              : 3.78s
