22:55:37 [INFO] supertrend_optimizer.data.timeframe: annualization_factor=252.0 (numeric) overrides annualization_basis='trading'; basis ignored.
22:55:37 [INFO] wf_grid.pipeline.orchestrator: ZigZag global stats built: global_median=0.003574, candidate_trigger_threshold=0.005917, n_legs=4535
22:55:37 [INFO] wf_grid.pipeline.orchestrator: Pipeline: 246 grid points \xd7 10 WF steps = 2460 total evaluations
22:56:50 [INFO] wf_grid.pipeline.orchestrator:   Parallel WF: 24/246 grid points done
22:57:30 [INFO] wf_grid.pipeline.orchestrator:   Parallel WF: 48/246 grid points done
22:58:36 [INFO] wf_grid.pipeline.orchestrator:   Parallel WF: 72/246 grid points done
22:59:16 [INFO] wf_grid.pipeline.orchestrator:   Parallel WF: 96/246 grid points done
23:00:21 [INFO] wf_grid.pipeline.orchestrator:   Parallel WF: 120/246 grid points done
23:01:02 [INFO] wf_grid.pipeline.orchestrator:   Parallel WF: 144/246 grid points done
23:02:07 [INFO] wf_grid.pipeline.orchestrator:   Parallel WF: 168/246 grid points done
23:02:48 [INFO] wf_grid.pipeline.orchestrator:   Parallel WF: 192/246 grid points done
23:03:53 [INFO] wf_grid.pipeline.orchestrator:   Parallel WF: 216/246 grid points done
23:04:34 [INFO] wf_grid.pipeline.orchestrator:   Parallel WF: 240/246 grid points done
23:05:01 [INFO] wf_grid.logging_.diagnostics: ============================================================
23:05:01 [INFO] wf_grid.logging_.diagnostics: Pipeline Diagnostics Summary
23:05:01 [INFO] wf_grid.logging_.diagnostics: ============================================================
23:05:01 [INFO] wf_grid.logging_.diagnostics: Grid: 246 points \xd7 10 WF steps
23:05:01 [INFO] wf_grid.logging_.diagnostics: Step status distribution: {'ok': 1783, 'no_trades': 654, 'invalid': 23}
23:05:01 [INFO] wf_grid.logging_.diagnostics: Tier distribution: {2: 246}
23:05:01 [INFO] wf_grid.logging_.diagnostics: Top 5 ranked:
23:05:01 [INFO] wf_grid.logging_.diagnostics:   {'grid_rank': 1, 'grid_point_id': 'atr23_m1.00_revers', 'tier': 2, 'tester_seed_score': 0.8853061224489795, 'sum_pnl_pct_Median': -0.5515605, 'seed_gate_passed': True}
23:05:01 [INFO] wf_grid.logging_.diagnostics:   {'grid_rank': 2, 'grid_point_id': 'atr24_m1.00_revers', 'tier': 2, 'tester_seed_score': 0.771061224489796, 'sum_pnl_pct_Median': -0.5515605, 'seed_gate_passed': True}
23:05:01 [INFO] wf_grid.logging_.diagnostics:   {'grid_rank': 3, 'grid_point_id': 'atr22_m1.00_revers', 'tier': 2, 'tester_seed_score': 0.7748571428571428, 'sum_pnl_pct_Median': -0.567061, 'seed_gate_passed': True}
23:05:01 [INFO] wf_grid.logging_.diagnostics:   {'grid_rank': 4, 'grid_point_id': 'atr21_m1.00_revers', 'tier': 2, 'tester_seed_score': 0.781469387755102, 'sum_pnl_pct_Median': -0.6360844999999997, 'seed_gate_passed': True}
23:05:01 [INFO] wf_grid.logging_.diagnostics:   {'grid_rank': 5, 'grid_point_id': 'atr60_m1.00_revers', 'tier': 2, 'tester_seed_score': 0.928204081632653, 'sum_pnl_pct_Median': -0.6785800000000002, 'seed_gate_passed': True}
23:05:01 [INFO] wf_grid.logging_.diagnostics: Timing breakdown:
23:05:01 [INFO] wf_grid.logging_.diagnostics:   config_load: 0.01s
23:05:01 [INFO] wf_grid.logging_.diagnostics:   data_load: 1.68s
23:05:01 [INFO] wf_grid.logging_.diagnostics:   data_validation: 0.03s
23:05:01 [INFO] wf_grid.logging_.diagnostics:   ppy_resolve: 0.00s
23:05:01 [INFO] wf_grid.logging_.diagnostics:   warmup_resolve: 0.00s
23:05:01 [INFO] wf_grid.logging_.diagnostics:   zigzag_global_stats: 0.20s
23:05:01 [INFO] wf_grid.logging_.diagnostics:   wf_slicing: 0.00s
23:05:01 [INFO] wf_grid.logging_.diagnostics:   grid_enum: 0.00s
23:05:01 [INFO] wf_grid.logging_.diagnostics:   wf_grid_execution: 558.63s
23:05:01 [INFO] wf_grid.logging_.diagnostics:   collection: 0.06s
23:05:01 [INFO] wf_grid.logging_.diagnostics:   metric_contracts: 0.09s
23:05:01 [INFO] wf_grid.logging_.diagnostics:   bucket_matrix_median: 0.07s
23:05:01 [INFO] wf_grid.logging_.diagnostics:   step_gates: 0.00s
23:05:01 [INFO] wf_grid.logging_.diagnostics:   aggregation: 0.71s
23:05:01 [INFO] wf_grid.logging_.diagnostics:   candidate_gates: 0.00s
23:05:01 [INFO] wf_grid.logging_.diagnostics:   scoring: 0.01s
23:05:01 [INFO] wf_grid.logging_.diagnostics:   ranking: 0.00s
23:05:01 [INFO] wf_grid.logging_.diagnostics:   top1_trade_export_filter: 0.02s
23:05:01 [INFO] wf_grid.logging_.diagnostics:   summary_build: 0.12s
23:05:01 [INFO] wf_grid.logging_.diagnostics:   xlsx_export: 4.73s
23:05:01 [INFO] wf_grid.logging_.diagnostics: ============================================================
Config:  C:\Users\Artem\Desktop\3.1_wf_grid\config\grid_matrix_021.yaml
Output:  C:\Users\Artem\Desktop\3.1_wf_grid\results\batch\grid_matrix_021_20260507_225535.xlsx


[OK] XLSX saved to: C:\Users\Artem\Desktop\3.1_wf_grid\results\batch\grid_matrix_021_20260507_225535.xlsx

Grid:        246 points x 10 WF steps
Step status: {'ok': 1783, 'no_trades': 654, 'invalid': 23}
Tier dist:   {2: 246}

Top-5 ranked:
  {'grid_rank': 1, 'grid_point_id': 'atr23_m1.00_revers', 'tier': 2, 'tester_seed_score': 0.8853061224489795, 'sum_pnl_pct_Median': -0.5515605, 'seed_gate_passed': True}
  {'grid_rank': 2, 'grid_point_id': 'atr24_m1.00_revers', 'tier': 2, 'tester_seed_score': 0.771061224489796, 'sum_pnl_pct_Median': -0.5515605, 'seed_gate_passed': True}
  {'grid_rank': 3, 'grid_point_id': 'atr22_m1.00_revers', 'tier': 2, 'tester_seed_score': 0.7748571428571428, 'sum_pnl_pct_Median': -0.567061, 'seed_gate_passed': True}
  {'grid_rank': 4, 'grid_point_id': 'atr21_m1.00_revers', 'tier': 2, 'tester_seed_score': 0.781469387755102, 'sum_pnl_pct_Median': -0.6360844999999997, 'seed_gate_passed': True}
  {'grid_rank': 5, 'grid_point_id': 'atr60_m1.00_revers', 'tier': 2, 'tester_seed_score': 0.928204081632653, 'sum_pnl_pct_Median': -0.6785800000000002, 'seed_gate_passed': True}

Timing:
  config_load              : 0.01s
  data_load                : 1.68s
  data_validation          : 0.03s
  ppy_resolve              : 0.00s
  warmup_resolve           : 0.00s
  zigzag_global_stats      : 0.20s
  wf_slicing               : 0.00s
  grid_enum                : 0.00s
  wf_grid_execution        : 558.63s
  collection               : 0.06s
  metric_contracts         : 0.09s
  bucket_matrix_median     : 0.07s
  step_gates               : 0.00s
  aggregation              : 0.71s
  candidate_gates          : 0.00s
  scoring                  : 0.01s
  ranking                  : 0.00s
  top1_trade_export_filter : 0.02s
  summary_build            : 0.12s
  xlsx_export              : 4.73s
