04:16:33 [INFO] supertrend_optimizer.data.timeframe: annualization_factor=252.0 (numeric) overrides annualization_basis='trading'; basis ignored.
04:16:33 [INFO] wf_grid.pipeline.orchestrator: ZigZag global stats built: global_median=0.003574, candidate_trigger_threshold=0.005917, n_legs=4535
04:16:33 [INFO] wf_grid.pipeline.orchestrator: Pipeline: 246 grid points \xd7 10 WF steps = 2460 total evaluations
04:17:51 [INFO] wf_grid.pipeline.orchestrator:   Parallel WF: 24/246 grid points done
04:18:36 [INFO] wf_grid.pipeline.orchestrator:   Parallel WF: 48/246 grid points done
04:19:46 [INFO] wf_grid.pipeline.orchestrator:   Parallel WF: 72/246 grid points done
04:20:31 [INFO] wf_grid.pipeline.orchestrator:   Parallel WF: 96/246 grid points done
04:21:41 [INFO] wf_grid.pipeline.orchestrator:   Parallel WF: 120/246 grid points done
04:22:26 [INFO] wf_grid.pipeline.orchestrator:   Parallel WF: 144/246 grid points done
04:23:35 [INFO] wf_grid.pipeline.orchestrator:   Parallel WF: 168/246 grid points done
04:24:21 [INFO] wf_grid.pipeline.orchestrator:   Parallel WF: 192/246 grid points done
04:25:30 [INFO] wf_grid.pipeline.orchestrator:   Parallel WF: 216/246 grid points done
04:26:14 [INFO] wf_grid.pipeline.orchestrator:   Parallel WF: 240/246 grid points done
04:26:43 [INFO] wf_grid.logging_.diagnostics: ============================================================
04:26:43 [INFO] wf_grid.logging_.diagnostics: Pipeline Diagnostics Summary
04:26:43 [INFO] wf_grid.logging_.diagnostics: ============================================================
04:26:43 [INFO] wf_grid.logging_.diagnostics: Grid: 246 points \xd7 10 WF steps
04:26:43 [INFO] wf_grid.logging_.diagnostics: Step status distribution: {'ok': 2460}
04:26:43 [INFO] wf_grid.logging_.diagnostics: Tier distribution: {1: 246}
04:26:43 [INFO] wf_grid.logging_.diagnostics: Top 5 ranked:
04:26:43 [INFO] wf_grid.logging_.diagnostics:   {'grid_rank': 1, 'grid_point_id': 'atr26_m1.00_revers', 'tier': 1, 'tester_seed_score': 0.9674285714285714, 'sum_pnl_pct_Median': 0.7847060000000003, 'seed_gate_passed': True}
04:26:43 [INFO] wf_grid.logging_.diagnostics:   {'grid_rank': 2, 'grid_point_id': 'atr23_m1.00_revers', 'tier': 1, 'tester_seed_score': 0.9657142857142857, 'sum_pnl_pct_Median': 0.5716100000000002, 'seed_gate_passed': True}
04:26:43 [INFO] wf_grid.logging_.diagnostics:   {'grid_rank': 3, 'grid_point_id': 'atr25_m1.00_revers', 'tier': 1, 'tester_seed_score': 0.9598367346938775, 'sum_pnl_pct_Median': 0.6334759999999997, 'seed_gate_passed': True}
04:26:43 [INFO] wf_grid.logging_.diagnostics:   {'grid_rank': 4, 'grid_point_id': 'atr22_m1.00_revers', 'tier': 1, 'tester_seed_score': 0.9568979591836735, 'sum_pnl_pct_Median': 0.415197, 'seed_gate_passed': True}
04:26:43 [INFO] wf_grid.logging_.diagnostics:   {'grid_rank': 5, 'grid_point_id': 'atr28_m1.00_revers', 'tier': 1, 'tester_seed_score': 0.9566530612244899, 'sum_pnl_pct_Median': 0.66937, 'seed_gate_passed': True}
04:26:43 [INFO] wf_grid.logging_.diagnostics: Timing breakdown:
04:26:43 [INFO] wf_grid.logging_.diagnostics:   config_load: 0.01s
04:26:43 [INFO] wf_grid.logging_.diagnostics:   data_load: 1.67s
04:26:43 [INFO] wf_grid.logging_.diagnostics:   data_validation: 0.03s
04:26:43 [INFO] wf_grid.logging_.diagnostics:   ppy_resolve: 0.00s
04:26:43 [INFO] wf_grid.logging_.diagnostics:   warmup_resolve: 0.00s
04:26:43 [INFO] wf_grid.logging_.diagnostics:   zigzag_global_stats: 0.20s
04:26:43 [INFO] wf_grid.logging_.diagnostics:   wf_slicing: 0.00s
04:26:43 [INFO] wf_grid.logging_.diagnostics:   grid_enum: 0.00s
04:26:43 [INFO] wf_grid.logging_.diagnostics:   wf_grid_execution: 595.34s
04:26:43 [INFO] wf_grid.logging_.diagnostics:   collection: 0.06s
04:26:43 [INFO] wf_grid.logging_.diagnostics:   metric_contracts: 0.12s
04:26:43 [INFO] wf_grid.logging_.diagnostics:   bucket_matrix_median: 0.08s
04:26:43 [INFO] wf_grid.logging_.diagnostics:   step_gates: 0.00s
04:26:43 [INFO] wf_grid.logging_.diagnostics:   aggregation: 0.48s
04:26:43 [INFO] wf_grid.logging_.diagnostics:   candidate_gates: 0.00s
04:26:43 [INFO] wf_grid.logging_.diagnostics:   scoring: 0.01s
04:26:43 [INFO] wf_grid.logging_.diagnostics:   ranking: 0.00s
04:26:43 [INFO] wf_grid.logging_.diagnostics:   top1_trade_export_filter: 0.02s
04:26:43 [INFO] wf_grid.logging_.diagnostics:   summary_build: 0.09s
04:26:43 [INFO] wf_grid.logging_.diagnostics:   xlsx_export: 13.75s
04:26:43 [INFO] wf_grid.logging_.diagnostics: ============================================================
Config:  C:\Users\Artem\Desktop\3.1_wf_grid\config\grid_matrix_052.yaml
Output:  C:\Users\Artem\Desktop\3.1_wf_grid\results\batch\grid_matrix_052_20260508_041631.xlsx


[OK] XLSX saved to: C:\Users\Artem\Desktop\3.1_wf_grid\results\batch\grid_matrix_052_20260508_041631.xlsx

Grid:        246 points x 10 WF steps
Step status: {'ok': 2460}
Tier dist:   {1: 246}

Top-5 ranked:
  {'grid_rank': 1, 'grid_point_id': 'atr26_m1.00_revers', 'tier': 1, 'tester_seed_score': 0.9674285714285714, 'sum_pnl_pct_Median': 0.7847060000000003, 'seed_gate_passed': True}
  {'grid_rank': 2, 'grid_point_id': 'atr23_m1.00_revers', 'tier': 1, 'tester_seed_score': 0.9657142857142857, 'sum_pnl_pct_Median': 0.5716100000000002, 'seed_gate_passed': True}
  {'grid_rank': 3, 'grid_point_id': 'atr25_m1.00_revers', 'tier': 1, 'tester_seed_score': 0.9598367346938775, 'sum_pnl_pct_Median': 0.6334759999999997, 'seed_gate_passed': True}
  {'grid_rank': 4, 'grid_point_id': 'atr22_m1.00_revers', 'tier': 1, 'tester_seed_score': 0.9568979591836735, 'sum_pnl_pct_Median': 0.415197, 'seed_gate_passed': True}
  {'grid_rank': 5, 'grid_point_id': 'atr28_m1.00_revers', 'tier': 1, 'tester_seed_score': 0.9566530612244899, 'sum_pnl_pct_Median': 0.66937, 'seed_gate_passed': True}

Timing:
  config_load              : 0.01s
  data_load                : 1.67s
  data_validation          : 0.03s
  ppy_resolve              : 0.00s
  warmup_resolve           : 0.00s
  zigzag_global_stats      : 0.20s
  wf_slicing               : 0.00s
  grid_enum                : 0.00s
  wf_grid_execution        : 595.34s
  collection               : 0.06s
  metric_contracts         : 0.12s
  bucket_matrix_median     : 0.08s
  step_gates               : 0.00s
  aggregation              : 0.48s
  candidate_gates          : 0.00s
  scoring                  : 0.01s
  ranking                  : 0.00s
  top1_trade_export_filter : 0.02s
  summary_build            : 0.09s
  xlsx_export              : 13.75s
