21:34:50 [INFO] supertrend_optimizer.data.timeframe: annualization_factor=252.0 (numeric) overrides annualization_basis='trading'; basis ignored.
21:34:50 [INFO] wf_grid.pipeline.orchestrator: ZigZag global stats built: global_median=0.003574, candidate_trigger_threshold=0.005917, n_legs=4535
21:34:50 [INFO] wf_grid.pipeline.orchestrator: Pipeline: 246 grid points \xd7 10 WF steps = 2460 total evaluations
21:36:08 [INFO] wf_grid.pipeline.orchestrator:   Parallel WF: 24/246 grid points done
21:36:53 [INFO] wf_grid.pipeline.orchestrator:   Parallel WF: 48/246 grid points done
21:38:02 [INFO] wf_grid.pipeline.orchestrator:   Parallel WF: 72/246 grid points done
21:38:47 [INFO] wf_grid.pipeline.orchestrator:   Parallel WF: 96/246 grid points done
21:39:56 [INFO] wf_grid.pipeline.orchestrator:   Parallel WF: 120/246 grid points done
21:40:42 [INFO] wf_grid.pipeline.orchestrator:   Parallel WF: 144/246 grid points done
21:41:50 [INFO] wf_grid.pipeline.orchestrator:   Parallel WF: 168/246 grid points done
21:42:37 [INFO] wf_grid.pipeline.orchestrator:   Parallel WF: 192/246 grid points done
21:43:44 [INFO] wf_grid.pipeline.orchestrator:   Parallel WF: 216/246 grid points done
21:44:29 [INFO] wf_grid.pipeline.orchestrator:   Parallel WF: 240/246 grid points done
21:44:58 [INFO] wf_grid.logging_.diagnostics: ============================================================
21:44:58 [INFO] wf_grid.logging_.diagnostics: Pipeline Diagnostics Summary
21:44:58 [INFO] wf_grid.logging_.diagnostics: ============================================================
21:44:58 [INFO] wf_grid.logging_.diagnostics: Grid: 246 points \xd7 10 WF steps
21:44:58 [INFO] wf_grid.logging_.diagnostics: Step status distribution: {'ok': 2460}
21:44:58 [INFO] wf_grid.logging_.diagnostics: Tier distribution: {1: 246}
21:44:58 [INFO] wf_grid.logging_.diagnostics: Top 5 ranked:
21:44:58 [INFO] wf_grid.logging_.diagnostics:   {'grid_rank': 1, 'grid_point_id': 'atr21_m1.00_revers', 'tier': 1, 'tester_seed_score': 0.9833469387755102, 'sum_pnl_pct_Median': 0.296415, 'seed_gate_passed': True}
21:44:58 [INFO] wf_grid.logging_.diagnostics:   {'grid_rank': 2, 'grid_point_id': 'atr22_m1.00_revers', 'tier': 1, 'tester_seed_score': 0.9417142857142857, 'sum_pnl_pct_Median': 0.05232150000000041, 'seed_gate_passed': True}
21:44:58 [INFO] wf_grid.logging_.diagnostics:   {'grid_rank': 3, 'grid_point_id': 'atr60_m1.00_revers', 'tier': 1, 'tester_seed_score': 0.9382857142857142, 'sum_pnl_pct_Median': -0.17648949999999985, 'seed_gate_passed': True}
21:44:58 [INFO] wf_grid.logging_.diagnostics:   {'grid_rank': 4, 'grid_point_id': 'atr23_m1.00_revers', 'tier': 1, 'tester_seed_score': 0.9375510204081632, 'sum_pnl_pct_Median': 0.07198999999999961, 'seed_gate_passed': True}
21:44:58 [INFO] wf_grid.logging_.diagnostics:   {'grid_rank': 5, 'grid_point_id': 'atr25_m1.00_revers', 'tier': 1, 'tester_seed_score': 0.9302040816326531, 'sum_pnl_pct_Median': -0.22062150000000055, 'seed_gate_passed': True}
21:44:58 [INFO] wf_grid.logging_.diagnostics: Timing breakdown:
21:44:58 [INFO] wf_grid.logging_.diagnostics:   config_load: 0.00s
21:44:58 [INFO] wf_grid.logging_.diagnostics:   data_load: 1.67s
21:44:58 [INFO] wf_grid.logging_.diagnostics:   data_validation: 0.03s
21:44:58 [INFO] wf_grid.logging_.diagnostics:   ppy_resolve: 0.00s
21:44:58 [INFO] wf_grid.logging_.diagnostics:   warmup_resolve: 0.00s
21:44:58 [INFO] wf_grid.logging_.diagnostics:   zigzag_global_stats: 0.21s
21:44:58 [INFO] wf_grid.logging_.diagnostics:   wf_slicing: 0.00s
21:44:58 [INFO] wf_grid.logging_.diagnostics:   grid_enum: 0.00s
21:44:58 [INFO] wf_grid.logging_.diagnostics:   wf_grid_execution: 592.82s
21:44:58 [INFO] wf_grid.logging_.diagnostics:   collection: 0.06s
21:44:58 [INFO] wf_grid.logging_.diagnostics:   metric_contracts: 0.12s
21:44:58 [INFO] wf_grid.logging_.diagnostics:   bucket_matrix_median: 0.09s
21:44:58 [INFO] wf_grid.logging_.diagnostics:   step_gates: 0.00s
21:44:58 [INFO] wf_grid.logging_.diagnostics:   aggregation: 0.50s
21:44:58 [INFO] wf_grid.logging_.diagnostics:   candidate_gates: 0.00s
21:44:58 [INFO] wf_grid.logging_.diagnostics:   scoring: 0.01s
21:44:58 [INFO] wf_grid.logging_.diagnostics:   ranking: 0.01s
21:44:58 [INFO] wf_grid.logging_.diagnostics:   top1_trade_export_filter: 0.02s
21:44:58 [INFO] wf_grid.logging_.diagnostics:   summary_build: 0.09s
21:44:58 [INFO] wf_grid.logging_.diagnostics:   xlsx_export: 13.85s
21:44:58 [INFO] wf_grid.logging_.diagnostics: ============================================================
Config:  C:\Users\Artem\Desktop\3.1_wf_grid\config\grid_matrix_013.yaml
Output:  C:\Users\Artem\Desktop\3.1_wf_grid\results\batch\grid_matrix_013_20260507_213448.xlsx


[OK] XLSX saved to: C:\Users\Artem\Desktop\3.1_wf_grid\results\batch\grid_matrix_013_20260507_213448.xlsx

Grid:        246 points x 10 WF steps
Step status: {'ok': 2460}
Tier dist:   {1: 246}

Top-5 ranked:
  {'grid_rank': 1, 'grid_point_id': 'atr21_m1.00_revers', 'tier': 1, 'tester_seed_score': 0.9833469387755102, 'sum_pnl_pct_Median': 0.296415, 'seed_gate_passed': True}
  {'grid_rank': 2, 'grid_point_id': 'atr22_m1.00_revers', 'tier': 1, 'tester_seed_score': 0.9417142857142857, 'sum_pnl_pct_Median': 0.05232150000000041, 'seed_gate_passed': True}
  {'grid_rank': 3, 'grid_point_id': 'atr60_m1.00_revers', 'tier': 1, 'tester_seed_score': 0.9382857142857142, 'sum_pnl_pct_Median': -0.17648949999999985, 'seed_gate_passed': True}
  {'grid_rank': 4, 'grid_point_id': 'atr23_m1.00_revers', 'tier': 1, 'tester_seed_score': 0.9375510204081632, 'sum_pnl_pct_Median': 0.07198999999999961, 'seed_gate_passed': True}
  {'grid_rank': 5, 'grid_point_id': 'atr25_m1.00_revers', 'tier': 1, 'tester_seed_score': 0.9302040816326531, 'sum_pnl_pct_Median': -0.22062150000000055, 'seed_gate_passed': True}

Timing:
  config_load              : 0.00s
  data_load                : 1.67s
  data_validation          : 0.03s
  ppy_resolve              : 0.00s
  warmup_resolve           : 0.00s
  zigzag_global_stats      : 0.21s
  wf_slicing               : 0.00s
  grid_enum                : 0.00s
  wf_grid_execution        : 592.82s
  collection               : 0.06s
  metric_contracts         : 0.12s
  bucket_matrix_median     : 0.09s
  step_gates               : 0.00s
  aggregation              : 0.50s
  candidate_gates          : 0.00s
  scoring                  : 0.01s
  ranking                  : 0.01s
  top1_trade_export_filter : 0.02s
  summary_build            : 0.09s
  xlsx_export              : 13.85s
