03:46:33 [INFO] supertrend_optimizer.data.timeframe: annualization_factor=252.0 (numeric) overrides annualization_basis='trading'; basis ignored.
03:46:33 [INFO] wf_grid.pipeline.orchestrator: ZigZag global stats built: global_median=0.003574, candidate_trigger_threshold=0.005917, n_legs=4535
03:46:33 [INFO] wf_grid.pipeline.orchestrator: Pipeline: 246 grid points \xd7 10 WF steps = 2460 total evaluations
03:47:52 [INFO] wf_grid.pipeline.orchestrator:   Parallel WF: 24/246 grid points done
03:48:36 [INFO] wf_grid.pipeline.orchestrator:   Parallel WF: 48/246 grid points done
03:49:48 [INFO] wf_grid.pipeline.orchestrator:   Parallel WF: 72/246 grid points done
03:50:32 [INFO] wf_grid.pipeline.orchestrator:   Parallel WF: 96/246 grid points done
03:51:44 [INFO] wf_grid.pipeline.orchestrator:   Parallel WF: 120/246 grid points done
03:52:29 [INFO] wf_grid.pipeline.orchestrator:   Parallel WF: 144/246 grid points done
03:53:40 [INFO] wf_grid.pipeline.orchestrator:   Parallel WF: 168/246 grid points done
03:54:25 [INFO] wf_grid.pipeline.orchestrator:   Parallel WF: 192/246 grid points done
03:55:36 [INFO] wf_grid.pipeline.orchestrator:   Parallel WF: 216/246 grid points done
03:56:19 [INFO] wf_grid.pipeline.orchestrator:   Parallel WF: 240/246 grid points done
03:56:50 [INFO] wf_grid.logging_.diagnostics: ============================================================
03:56:50 [INFO] wf_grid.logging_.diagnostics: Pipeline Diagnostics Summary
03:56:50 [INFO] wf_grid.logging_.diagnostics: ============================================================
03:56:50 [INFO] wf_grid.logging_.diagnostics: Grid: 246 points \xd7 10 WF steps
03:56:50 [INFO] wf_grid.logging_.diagnostics: Step status distribution: {'ok': 2460}
03:56:50 [INFO] wf_grid.logging_.diagnostics: Tier distribution: {1: 246}
03:56:50 [INFO] wf_grid.logging_.diagnostics: Top 5 ranked:
03:56:50 [INFO] wf_grid.logging_.diagnostics:   {'grid_rank': 1, 'grid_point_id': 'atr25_m1.00_revers', 'tier': 1, 'tester_seed_score': 0.9663265306122448, 'sum_pnl_pct_Median': -0.6862220000000001, 'seed_gate_passed': True}
03:56:50 [INFO] wf_grid.logging_.diagnostics:   {'grid_rank': 2, 'grid_point_id': 'atr24_m1.00_revers', 'tier': 1, 'tester_seed_score': 0.9553061224489796, 'sum_pnl_pct_Median': -0.9318559999999999, 'seed_gate_passed': True}
03:56:50 [INFO] wf_grid.logging_.diagnostics:   {'grid_rank': 3, 'grid_point_id': 'atr28_m1.00_revers', 'tier': 1, 'tester_seed_score': 0.9506530612244898, 'sum_pnl_pct_Median': -1.1833309999999997, 'seed_gate_passed': True}
03:56:50 [INFO] wf_grid.logging_.diagnostics:   {'grid_rank': 4, 'grid_point_id': 'atr23_m1.00_revers', 'tier': 1, 'tester_seed_score': 0.947469387755102, 'sum_pnl_pct_Median': -0.7922040000000004, 'seed_gate_passed': True}
03:56:50 [INFO] wf_grid.logging_.diagnostics:   {'grid_rank': 5, 'grid_point_id': 'atr26_m1.00_revers', 'tier': 1, 'tester_seed_score': 0.9464897959183673, 'sum_pnl_pct_Median': -1.2120495000000002, 'seed_gate_passed': True}
03:56:50 [INFO] wf_grid.logging_.diagnostics: Timing breakdown:
03:56:50 [INFO] wf_grid.logging_.diagnostics:   config_load: 0.01s
03:56:50 [INFO] wf_grid.logging_.diagnostics:   data_load: 1.69s
03:56:50 [INFO] wf_grid.logging_.diagnostics:   data_validation: 0.03s
03:56:50 [INFO] wf_grid.logging_.diagnostics:   ppy_resolve: 0.00s
03:56:50 [INFO] wf_grid.logging_.diagnostics:   warmup_resolve: 0.00s
03:56:50 [INFO] wf_grid.logging_.diagnostics:   zigzag_global_stats: 0.20s
03:56:50 [INFO] wf_grid.logging_.diagnostics:   wf_slicing: 0.00s
03:56:50 [INFO] wf_grid.logging_.diagnostics:   grid_enum: 0.00s
03:56:50 [INFO] wf_grid.logging_.diagnostics:   wf_grid_execution: 602.16s
03:56:50 [INFO] wf_grid.logging_.diagnostics:   collection: 0.05s
03:56:50 [INFO] wf_grid.logging_.diagnostics:   metric_contracts: 0.12s
03:56:50 [INFO] wf_grid.logging_.diagnostics:   bucket_matrix_median: 0.08s
03:56:50 [INFO] wf_grid.logging_.diagnostics:   step_gates: 0.00s
03:56:50 [INFO] wf_grid.logging_.diagnostics:   aggregation: 0.49s
03:56:50 [INFO] wf_grid.logging_.diagnostics:   candidate_gates: 0.00s
03:56:50 [INFO] wf_grid.logging_.diagnostics:   scoring: 0.01s
03:56:50 [INFO] wf_grid.logging_.diagnostics:   ranking: 0.00s
03:56:50 [INFO] wf_grid.logging_.diagnostics:   top1_trade_export_filter: 0.02s
03:56:50 [INFO] wf_grid.logging_.diagnostics:   summary_build: 0.09s
03:56:50 [INFO] wf_grid.logging_.diagnostics:   xlsx_export: 13.90s
03:56:50 [INFO] wf_grid.logging_.diagnostics: ============================================================
Config:  C:\Users\Artem\Desktop\3.1_wf_grid\config\grid_matrix_049.yaml
Output:  C:\Users\Artem\Desktop\3.1_wf_grid\results\batch\grid_matrix_049_20260508_034630.xlsx


[OK] XLSX saved to: C:\Users\Artem\Desktop\3.1_wf_grid\results\batch\grid_matrix_049_20260508_034630.xlsx

Grid:        246 points x 10 WF steps
Step status: {'ok': 2460}
Tier dist:   {1: 246}

Top-5 ranked:
  {'grid_rank': 1, 'grid_point_id': 'atr25_m1.00_revers', 'tier': 1, 'tester_seed_score': 0.9663265306122448, 'sum_pnl_pct_Median': -0.6862220000000001, 'seed_gate_passed': True}
  {'grid_rank': 2, 'grid_point_id': 'atr24_m1.00_revers', 'tier': 1, 'tester_seed_score': 0.9553061224489796, 'sum_pnl_pct_Median': -0.9318559999999999, 'seed_gate_passed': True}
  {'grid_rank': 3, 'grid_point_id': 'atr28_m1.00_revers', 'tier': 1, 'tester_seed_score': 0.9506530612244898, 'sum_pnl_pct_Median': -1.1833309999999997, 'seed_gate_passed': True}
  {'grid_rank': 4, 'grid_point_id': 'atr23_m1.00_revers', 'tier': 1, 'tester_seed_score': 0.947469387755102, 'sum_pnl_pct_Median': -0.7922040000000004, 'seed_gate_passed': True}
  {'grid_rank': 5, 'grid_point_id': 'atr26_m1.00_revers', 'tier': 1, 'tester_seed_score': 0.9464897959183673, 'sum_pnl_pct_Median': -1.2120495000000002, 'seed_gate_passed': True}

Timing:
  config_load              : 0.01s
  data_load                : 1.69s
  data_validation          : 0.03s
  ppy_resolve              : 0.00s
  warmup_resolve           : 0.00s
  zigzag_global_stats      : 0.20s
  wf_slicing               : 0.00s
  grid_enum                : 0.00s
  wf_grid_execution        : 602.16s
  collection               : 0.05s
  metric_contracts         : 0.12s
  bucket_matrix_median     : 0.08s
  step_gates               : 0.00s
  aggregation              : 0.49s
  candidate_gates          : 0.00s
  scoring                  : 0.01s
  ranking                  : 0.00s
  top1_trade_export_filter : 0.02s
  summary_build            : 0.09s
  xlsx_export              : 13.90s
