21:55:33 [INFO] supertrend_optimizer.data.timeframe: annualization_factor=252.0 (numeric) overrides annualization_basis='trading'; basis ignored.
21:55:33 [INFO] wf_grid.pipeline.orchestrator: ZigZag global stats built: global_median=0.003574, candidate_trigger_threshold=0.005917, n_legs=4535
21:55:33 [INFO] wf_grid.pipeline.orchestrator: Pipeline: 246 grid points \xd7 10 WF steps = 2460 total evaluations
21:56:54 [INFO] wf_grid.pipeline.orchestrator:   Parallel WF: 24/246 grid points done
21:57:39 [INFO] wf_grid.pipeline.orchestrator:   Parallel WF: 48/246 grid points done
21:58:51 [INFO] wf_grid.pipeline.orchestrator:   Parallel WF: 72/246 grid points done
21:59:38 [INFO] wf_grid.pipeline.orchestrator:   Parallel WF: 96/246 grid points done
22:00:49 [INFO] wf_grid.pipeline.orchestrator:   Parallel WF: 120/246 grid points done
22:01:36 [INFO] wf_grid.pipeline.orchestrator:   Parallel WF: 144/246 grid points done
22:02:48 [INFO] wf_grid.pipeline.orchestrator:   Parallel WF: 168/246 grid points done
22:03:34 [INFO] wf_grid.pipeline.orchestrator:   Parallel WF: 192/246 grid points done
22:04:45 [INFO] wf_grid.pipeline.orchestrator:   Parallel WF: 216/246 grid points done
22:05:30 [INFO] wf_grid.pipeline.orchestrator:   Parallel WF: 240/246 grid points done
22:06:03 [INFO] wf_grid.logging_.diagnostics: ============================================================
22:06:03 [INFO] wf_grid.logging_.diagnostics: Pipeline Diagnostics Summary
22:06:03 [INFO] wf_grid.logging_.diagnostics: ============================================================
22:06:03 [INFO] wf_grid.logging_.diagnostics: Grid: 246 points \xd7 10 WF steps
22:06:03 [INFO] wf_grid.logging_.diagnostics: Step status distribution: {'ok': 2460}
22:06:03 [INFO] wf_grid.logging_.diagnostics: Tier distribution: {1: 246}
22:06:03 [INFO] wf_grid.logging_.diagnostics: Top 5 ranked:
22:06:03 [INFO] wf_grid.logging_.diagnostics:   {'grid_rank': 1, 'grid_point_id': 'atr40_m1.00_revers', 'tier': 1, 'tester_seed_score': 0.9318367346938776, 'sum_pnl_pct_Median': -0.6836065, 'seed_gate_passed': True}
22:06:03 [INFO] wf_grid.logging_.diagnostics:   {'grid_rank': 2, 'grid_point_id': 'atr60_m1.00_revers', 'tier': 1, 'tester_seed_score': 0.9279183673469388, 'sum_pnl_pct_Median': -0.47545149999999947, 'seed_gate_passed': True}
22:06:03 [INFO] wf_grid.logging_.diagnostics:   {'grid_rank': 3, 'grid_point_id': 'atr53_m1.00_revers', 'tier': 1, 'tester_seed_score': 0.9203265306122449, 'sum_pnl_pct_Median': -0.45721199999999984, 'seed_gate_passed': True}
22:06:03 [INFO] wf_grid.logging_.diagnostics:   {'grid_rank': 4, 'grid_point_id': 'atr47_m1.00_revers', 'tier': 1, 'tester_seed_score': 0.9166530612244899, 'sum_pnl_pct_Median': -0.7232819999999999, 'seed_gate_passed': True}
22:06:03 [INFO] wf_grid.logging_.diagnostics:   {'grid_rank': 5, 'grid_point_id': 'atr51_m1.00_revers', 'tier': 1, 'tester_seed_score': 0.9164081632653062, 'sum_pnl_pct_Median': -0.5155475, 'seed_gate_passed': True}
22:06:03 [INFO] wf_grid.logging_.diagnostics: Timing breakdown:
22:06:03 [INFO] wf_grid.logging_.diagnostics:   config_load: 0.01s
22:06:03 [INFO] wf_grid.logging_.diagnostics:   data_load: 1.67s
22:06:03 [INFO] wf_grid.logging_.diagnostics:   data_validation: 0.04s
22:06:03 [INFO] wf_grid.logging_.diagnostics:   ppy_resolve: 0.00s
22:06:03 [INFO] wf_grid.logging_.diagnostics:   warmup_resolve: 0.00s
22:06:03 [INFO] wf_grid.logging_.diagnostics:   zigzag_global_stats: 0.20s
22:06:03 [INFO] wf_grid.logging_.diagnostics:   wf_slicing: 0.00s
22:06:03 [INFO] wf_grid.logging_.diagnostics:   grid_enum: 0.00s
22:06:03 [INFO] wf_grid.logging_.diagnostics:   wf_grid_execution: 611.66s
22:06:03 [INFO] wf_grid.logging_.diagnostics:   collection: 0.05s
22:06:03 [INFO] wf_grid.logging_.diagnostics:   metric_contracts: 0.12s
22:06:03 [INFO] wf_grid.logging_.diagnostics:   bucket_matrix_median: 0.08s
22:06:03 [INFO] wf_grid.logging_.diagnostics:   step_gates: 0.00s
22:06:03 [INFO] wf_grid.logging_.diagnostics:   aggregation: 0.50s
22:06:03 [INFO] wf_grid.logging_.diagnostics:   candidate_gates: 0.00s
22:06:03 [INFO] wf_grid.logging_.diagnostics:   scoring: 0.01s
22:06:03 [INFO] wf_grid.logging_.diagnostics:   ranking: 0.00s
22:06:03 [INFO] wf_grid.logging_.diagnostics:   top1_trade_export_filter: 0.03s
22:06:03 [INFO] wf_grid.logging_.diagnostics:   summary_build: 0.08s
22:06:03 [INFO] wf_grid.logging_.diagnostics:   xlsx_export: 17.29s
22:06:03 [INFO] wf_grid.logging_.diagnostics: ============================================================
Config:  C:\Users\Artem\Desktop\3.1_wf_grid\config\grid_matrix_015.yaml
Output:  C:\Users\Artem\Desktop\3.1_wf_grid\results\batch\grid_matrix_015_20260507_215531.xlsx


[OK] XLSX saved to: C:\Users\Artem\Desktop\3.1_wf_grid\results\batch\grid_matrix_015_20260507_215531.xlsx

Grid:        246 points x 10 WF steps
Step status: {'ok': 2460}
Tier dist:   {1: 246}

Top-5 ranked:
  {'grid_rank': 1, 'grid_point_id': 'atr40_m1.00_revers', 'tier': 1, 'tester_seed_score': 0.9318367346938776, 'sum_pnl_pct_Median': -0.6836065, 'seed_gate_passed': True}
  {'grid_rank': 2, 'grid_point_id': 'atr60_m1.00_revers', 'tier': 1, 'tester_seed_score': 0.9279183673469388, 'sum_pnl_pct_Median': -0.47545149999999947, 'seed_gate_passed': True}
  {'grid_rank': 3, 'grid_point_id': 'atr53_m1.00_revers', 'tier': 1, 'tester_seed_score': 0.9203265306122449, 'sum_pnl_pct_Median': -0.45721199999999984, 'seed_gate_passed': True}
  {'grid_rank': 4, 'grid_point_id': 'atr47_m1.00_revers', 'tier': 1, 'tester_seed_score': 0.9166530612244899, 'sum_pnl_pct_Median': -0.7232819999999999, 'seed_gate_passed': True}
  {'grid_rank': 5, 'grid_point_id': 'atr51_m1.00_revers', 'tier': 1, 'tester_seed_score': 0.9164081632653062, 'sum_pnl_pct_Median': -0.5155475, 'seed_gate_passed': True}

Timing:
  config_load              : 0.01s
  data_load                : 1.67s
  data_validation          : 0.04s
  ppy_resolve              : 0.00s
  warmup_resolve           : 0.00s
  zigzag_global_stats      : 0.20s
  wf_slicing               : 0.00s
  grid_enum                : 0.00s
  wf_grid_execution        : 611.66s
  collection               : 0.05s
  metric_contracts         : 0.12s
  bucket_matrix_median     : 0.08s
  step_gates               : 0.00s
  aggregation              : 0.50s
  candidate_gates          : 0.00s
  scoring                  : 0.01s
  ranking                  : 0.00s
  top1_trade_export_filter : 0.03s
  summary_build            : 0.08s
  xlsx_export              : 17.29s
