00:44:25 [INFO] supertrend_optimizer.data.timeframe: annualization_factor=252.0 (numeric) overrides annualization_basis='trading'; basis ignored.
00:44:25 [INFO] wf_grid.pipeline.orchestrator: ZigZag global stats built: global_median=0.003574, candidate_trigger_threshold=0.005917, n_legs=4535
00:44:25 [INFO] wf_grid.pipeline.orchestrator: Pipeline: 246 grid points \xd7 10 WF steps = 2460 total evaluations
00:45:44 [INFO] wf_grid.pipeline.orchestrator:   Parallel WF: 24/246 grid points done
00:46:28 [INFO] wf_grid.pipeline.orchestrator:   Parallel WF: 48/246 grid points done
00:47:39 [INFO] wf_grid.pipeline.orchestrator:   Parallel WF: 72/246 grid points done
00:48:24 [INFO] wf_grid.pipeline.orchestrator:   Parallel WF: 96/246 grid points done
00:49:34 [INFO] wf_grid.pipeline.orchestrator:   Parallel WF: 120/246 grid points done
00:50:20 [INFO] wf_grid.pipeline.orchestrator:   Parallel WF: 144/246 grid points done
00:51:30 [INFO] wf_grid.pipeline.orchestrator:   Parallel WF: 168/246 grid points done
00:52:16 [INFO] wf_grid.pipeline.orchestrator:   Parallel WF: 192/246 grid points done
00:53:26 [INFO] wf_grid.pipeline.orchestrator:   Parallel WF: 216/246 grid points done
00:54:10 [INFO] wf_grid.pipeline.orchestrator:   Parallel WF: 240/246 grid points done
00:54:39 [INFO] wf_grid.logging_.diagnostics: ============================================================
00:54:39 [INFO] wf_grid.logging_.diagnostics: Pipeline Diagnostics Summary
00:54:39 [INFO] wf_grid.logging_.diagnostics: ============================================================
00:54:39 [INFO] wf_grid.logging_.diagnostics: Grid: 246 points \xd7 10 WF steps
00:54:39 [INFO] wf_grid.logging_.diagnostics: Step status distribution: {'ok': 2460}
00:54:39 [INFO] wf_grid.logging_.diagnostics: Tier distribution: {1: 246}
00:54:39 [INFO] wf_grid.logging_.diagnostics: Top 5 ranked:
00:54:39 [INFO] wf_grid.logging_.diagnostics:   {'grid_rank': 1, 'grid_point_id': 'atr21_m1.00_revers', 'tier': 1, 'tester_seed_score': 0.9688979591836734, 'sum_pnl_pct_Median': 1.2271684999999994, 'seed_gate_passed': True}
00:54:39 [INFO] wf_grid.logging_.diagnostics:   {'grid_rank': 2, 'grid_point_id': 'atr22_m1.00_revers', 'tier': 1, 'tester_seed_score': 0.9652244897959184, 'sum_pnl_pct_Median': 1.1940425000000003, 'seed_gate_passed': True}
00:54:39 [INFO] wf_grid.logging_.diagnostics:   {'grid_rank': 3, 'grid_point_id': 'atr23_m1.00_revers', 'tier': 1, 'tester_seed_score': 0.9573877551020409, 'sum_pnl_pct_Median': 1.0245659999999999, 'seed_gate_passed': True}
00:54:39 [INFO] wf_grid.logging_.diagnostics:   {'grid_rank': 4, 'grid_point_id': 'atr20_m1.00_revers', 'tier': 1, 'tester_seed_score': 0.9566530612244899, 'sum_pnl_pct_Median': 1.1433719999999994, 'seed_gate_passed': True}
00:54:39 [INFO] wf_grid.logging_.diagnostics:   {'grid_rank': 5, 'grid_point_id': 'atr25_m1.00_revers', 'tier': 1, 'tester_seed_score': 0.9537142857142858, 'sum_pnl_pct_Median': 0.9723609999999999, 'seed_gate_passed': True}
00:54:39 [INFO] wf_grid.logging_.diagnostics: Timing breakdown:
00:54:39 [INFO] wf_grid.logging_.diagnostics:   config_load: 0.01s
00:54:39 [INFO] wf_grid.logging_.diagnostics:   data_load: 1.66s
00:54:39 [INFO] wf_grid.logging_.diagnostics:   data_validation: 0.03s
00:54:39 [INFO] wf_grid.logging_.diagnostics:   ppy_resolve: 0.00s
00:54:39 [INFO] wf_grid.logging_.diagnostics:   warmup_resolve: 0.00s
00:54:39 [INFO] wf_grid.logging_.diagnostics:   zigzag_global_stats: 0.20s
00:54:39 [INFO] wf_grid.logging_.diagnostics:   wf_slicing: 0.00s
00:54:39 [INFO] wf_grid.logging_.diagnostics:   grid_enum: 0.00s
00:54:39 [INFO] wf_grid.logging_.diagnostics:   wf_grid_execution: 599.45s
00:54:39 [INFO] wf_grid.logging_.diagnostics:   collection: 0.05s
00:54:39 [INFO] wf_grid.logging_.diagnostics:   metric_contracts: 0.12s
00:54:39 [INFO] wf_grid.logging_.diagnostics:   bucket_matrix_median: 0.08s
00:54:39 [INFO] wf_grid.logging_.diagnostics:   step_gates: 0.00s
00:54:39 [INFO] wf_grid.logging_.diagnostics:   aggregation: 0.49s
00:54:39 [INFO] wf_grid.logging_.diagnostics:   candidate_gates: 0.00s
00:54:39 [INFO] wf_grid.logging_.diagnostics:   scoring: 0.01s
00:54:39 [INFO] wf_grid.logging_.diagnostics:   ranking: 0.00s
00:54:39 [INFO] wf_grid.logging_.diagnostics:   top1_trade_export_filter: 0.02s
00:54:39 [INFO] wf_grid.logging_.diagnostics:   summary_build: 0.09s
00:54:39 [INFO] wf_grid.logging_.diagnostics:   xlsx_export: 14.19s
00:54:39 [INFO] wf_grid.logging_.diagnostics: ============================================================
Config:  C:\Users\Artem\Desktop\3.1_wf_grid\config\grid_matrix_031.yaml
Output:  C:\Users\Artem\Desktop\3.1_wf_grid\results\batch\grid_matrix_031_20260508_004422.xlsx


[OK] XLSX saved to: C:\Users\Artem\Desktop\3.1_wf_grid\results\batch\grid_matrix_031_20260508_004422.xlsx

Grid:        246 points x 10 WF steps
Step status: {'ok': 2460}
Tier dist:   {1: 246}

Top-5 ranked:
  {'grid_rank': 1, 'grid_point_id': 'atr21_m1.00_revers', 'tier': 1, 'tester_seed_score': 0.9688979591836734, 'sum_pnl_pct_Median': 1.2271684999999994, 'seed_gate_passed': True}
  {'grid_rank': 2, 'grid_point_id': 'atr22_m1.00_revers', 'tier': 1, 'tester_seed_score': 0.9652244897959184, 'sum_pnl_pct_Median': 1.1940425000000003, 'seed_gate_passed': True}
  {'grid_rank': 3, 'grid_point_id': 'atr23_m1.00_revers', 'tier': 1, 'tester_seed_score': 0.9573877551020409, 'sum_pnl_pct_Median': 1.0245659999999999, 'seed_gate_passed': True}
  {'grid_rank': 4, 'grid_point_id': 'atr20_m1.00_revers', 'tier': 1, 'tester_seed_score': 0.9566530612244899, 'sum_pnl_pct_Median': 1.1433719999999994, 'seed_gate_passed': True}
  {'grid_rank': 5, 'grid_point_id': 'atr25_m1.00_revers', 'tier': 1, 'tester_seed_score': 0.9537142857142858, 'sum_pnl_pct_Median': 0.9723609999999999, 'seed_gate_passed': True}

Timing:
  config_load              : 0.01s
  data_load                : 1.66s
  data_validation          : 0.03s
  ppy_resolve              : 0.00s
  warmup_resolve           : 0.00s
  zigzag_global_stats      : 0.20s
  wf_slicing               : 0.00s
  grid_enum                : 0.00s
  wf_grid_execution        : 599.45s
  collection               : 0.05s
  metric_contracts         : 0.12s
  bucket_matrix_median     : 0.08s
  step_gates               : 0.00s
  aggregation              : 0.49s
  candidate_gates          : 0.00s
  scoring                  : 0.01s
  ranking                  : 0.00s
  top1_trade_export_filter : 0.02s
  summary_build            : 0.09s
  xlsx_export              : 14.19s
