20:44:16 [INFO] supertrend_optimizer.data.timeframe: annualization_factor=252.0 (numeric) overrides annualization_basis='trading'; basis ignored.
20:44:16 [INFO] wf_grid.pipeline.orchestrator: ZigZag global stats built: global_median=0.003574, candidate_trigger_threshold=0.005917, n_legs=4535
20:44:16 [INFO] wf_grid.pipeline.orchestrator: Pipeline: 246 grid points \xd7 10 WF steps = 2460 total evaluations
20:45:29 [INFO] wf_grid.pipeline.orchestrator:   Parallel WF: 24/246 grid points done
20:46:12 [INFO] wf_grid.pipeline.orchestrator:   Parallel WF: 48/246 grid points done
20:47:16 [INFO] wf_grid.pipeline.orchestrator:   Parallel WF: 72/246 grid points done
20:48:00 [INFO] wf_grid.pipeline.orchestrator:   Parallel WF: 96/246 grid points done
20:49:04 [INFO] wf_grid.pipeline.orchestrator:   Parallel WF: 120/246 grid points done
20:49:48 [INFO] wf_grid.pipeline.orchestrator:   Parallel WF: 144/246 grid points done
20:50:51 [INFO] wf_grid.pipeline.orchestrator:   Parallel WF: 168/246 grid points done
20:51:36 [INFO] wf_grid.pipeline.orchestrator:   Parallel WF: 192/246 grid points done
20:52:38 [INFO] wf_grid.pipeline.orchestrator:   Parallel WF: 216/246 grid points done
20:53:21 [INFO] wf_grid.pipeline.orchestrator:   Parallel WF: 240/246 grid points done
20:53:40 [INFO] wf_grid.logging_.diagnostics: ============================================================
20:53:40 [INFO] wf_grid.logging_.diagnostics: Pipeline Diagnostics Summary
20:53:40 [INFO] wf_grid.logging_.diagnostics: ============================================================
20:53:40 [INFO] wf_grid.logging_.diagnostics: Grid: 246 points \xd7 10 WF steps
20:53:40 [INFO] wf_grid.logging_.diagnostics: Step status distribution: {'ok': 1806, 'no_trades': 492, 'invalid': 162}
20:53:40 [INFO] wf_grid.logging_.diagnostics: Tier distribution: {2: 246}
20:53:40 [INFO] wf_grid.logging_.diagnostics: Top 5 ranked:
20:53:40 [INFO] wf_grid.logging_.diagnostics:   {'grid_rank': 1, 'grid_point_id': 'atr33_m1.20_revers', 'tier': 2, 'tester_seed_score': 0.9171428571428571, 'sum_pnl_pct_Median': -0.24028099999999963, 'seed_gate_passed': True}
20:53:40 [INFO] wf_grid.logging_.diagnostics:   {'grid_rank': 2, 'grid_point_id': 'atr34_m1.20_revers', 'tier': 2, 'tester_seed_score': 0.9028163265306123, 'sum_pnl_pct_Median': -0.28234799999999993, 'seed_gate_passed': True}
20:53:40 [INFO] wf_grid.logging_.diagnostics:   {'grid_rank': 3, 'grid_point_id': 'atr35_m1.20_revers', 'tier': 2, 'tester_seed_score': 0.878326530612245, 'sum_pnl_pct_Median': -0.28234799999999993, 'seed_gate_passed': True}
20:53:40 [INFO] wf_grid.logging_.diagnostics:   {'grid_rank': 4, 'grid_point_id': 'atr25_m1.20_revers', 'tier': 2, 'tester_seed_score': 0.9281632653061225, 'sum_pnl_pct_Median': -0.2913445, 'seed_gate_passed': True}
20:53:40 [INFO] wf_grid.logging_.diagnostics:   {'grid_rank': 5, 'grid_point_id': 'atr27_m1.20_revers', 'tier': 2, 'tester_seed_score': 0.9255918367346938, 'sum_pnl_pct_Median': -0.300806, 'seed_gate_passed': True}
20:53:40 [INFO] wf_grid.logging_.diagnostics: Timing breakdown:
20:53:40 [INFO] wf_grid.logging_.diagnostics:   config_load: 0.01s
20:53:40 [INFO] wf_grid.logging_.diagnostics:   data_load: 1.69s
20:53:40 [INFO] wf_grid.logging_.diagnostics:   data_validation: 0.03s
20:53:40 [INFO] wf_grid.logging_.diagnostics:   ppy_resolve: 0.00s
20:53:40 [INFO] wf_grid.logging_.diagnostics:   warmup_resolve: 0.00s
20:53:40 [INFO] wf_grid.logging_.diagnostics:   zigzag_global_stats: 0.20s
20:53:40 [INFO] wf_grid.logging_.diagnostics:   wf_slicing: 0.00s
20:53:40 [INFO] wf_grid.logging_.diagnostics:   grid_enum: 0.00s
20:53:40 [INFO] wf_grid.logging_.diagnostics:   wf_grid_execution: 558.18s
20:53:40 [INFO] wf_grid.logging_.diagnostics:   collection: 0.06s
20:53:40 [INFO] wf_grid.logging_.diagnostics:   metric_contracts: 0.10s
20:53:40 [INFO] wf_grid.logging_.diagnostics:   bucket_matrix_median: 0.07s
20:53:40 [INFO] wf_grid.logging_.diagnostics:   step_gates: 0.00s
20:53:40 [INFO] wf_grid.logging_.diagnostics:   aggregation: 0.53s
20:53:40 [INFO] wf_grid.logging_.diagnostics:   candidate_gates: 0.00s
20:53:40 [INFO] wf_grid.logging_.diagnostics:   scoring: 0.01s
20:53:40 [INFO] wf_grid.logging_.diagnostics:   ranking: 0.00s
20:53:40 [INFO] wf_grid.logging_.diagnostics:   top1_trade_export_filter: 0.02s
20:53:40 [INFO] wf_grid.logging_.diagnostics:   summary_build: 0.09s
20:53:40 [INFO] wf_grid.logging_.diagnostics:   xlsx_export: 5.46s
20:53:40 [INFO] wf_grid.logging_.diagnostics: ============================================================
Config:  C:\Users\Artem\Desktop\3.1_wf_grid\config\grid_matrix_008.yaml
Output:  C:\Users\Artem\Desktop\3.1_wf_grid\results\batch\grid_matrix_008_20260507_204414.xlsx


[OK] XLSX saved to: C:\Users\Artem\Desktop\3.1_wf_grid\results\batch\grid_matrix_008_20260507_204414.xlsx

Grid:        246 points x 10 WF steps
Step status: {'ok': 1806, 'no_trades': 492, 'invalid': 162}
Tier dist:   {2: 246}

Top-5 ranked:
  {'grid_rank': 1, 'grid_point_id': 'atr33_m1.20_revers', 'tier': 2, 'tester_seed_score': 0.9171428571428571, 'sum_pnl_pct_Median': -0.24028099999999963, 'seed_gate_passed': True}
  {'grid_rank': 2, 'grid_point_id': 'atr34_m1.20_revers', 'tier': 2, 'tester_seed_score': 0.9028163265306123, 'sum_pnl_pct_Median': -0.28234799999999993, 'seed_gate_passed': True}
  {'grid_rank': 3, 'grid_point_id': 'atr35_m1.20_revers', 'tier': 2, 'tester_seed_score': 0.878326530612245, 'sum_pnl_pct_Median': -0.28234799999999993, 'seed_gate_passed': True}
  {'grid_rank': 4, 'grid_point_id': 'atr25_m1.20_revers', 'tier': 2, 'tester_seed_score': 0.9281632653061225, 'sum_pnl_pct_Median': -0.2913445, 'seed_gate_passed': True}
  {'grid_rank': 5, 'grid_point_id': 'atr27_m1.20_revers', 'tier': 2, 'tester_seed_score': 0.9255918367346938, 'sum_pnl_pct_Median': -0.300806, 'seed_gate_passed': True}

Timing:
  config_load              : 0.01s
  data_load                : 1.69s
  data_validation          : 0.03s
  ppy_resolve              : 0.00s
  warmup_resolve           : 0.00s
  zigzag_global_stats      : 0.20s
  wf_slicing               : 0.00s
  grid_enum                : 0.00s
  wf_grid_execution        : 558.18s
  collection               : 0.06s
  metric_contracts         : 0.10s
  bucket_matrix_median     : 0.07s
  step_gates               : 0.00s
  aggregation              : 0.53s
  candidate_gates          : 0.00s
  scoring                  : 0.01s
  ranking                  : 0.00s
  top1_trade_export_filter : 0.02s
  summary_build            : 0.09s
  xlsx_export              : 5.46s
