14:30:22 [INFO] supertrend_optimizer.data.timeframe: annualization_factor=252.0 (numeric) overrides annualization_basis='trading'; basis ignored.
14:30:22 [INFO] wf_grid.pipeline.orchestrator: ZigZag global stats built: global_median=0.003595, candidate_trigger_threshold=0.005977, n_legs=635
14:30:22 [INFO] wf_grid.pipeline.orchestrator: Pipeline: 176 grid points \xd7 2 WF steps = 352 total evaluations
14:30:25 [INFO] wf_grid.pipeline.orchestrator:   Executing grid point 17/176 (atr51_m6.00_revers)
14:30:27 [INFO] wf_grid.pipeline.orchestrator:   Executing grid point 34/176 (atr52_m6.20_revers)
14:30:38 [INFO] wf_grid.pipeline.orchestrator:   Executing grid point 51/176 (atr53_m6.40_revers)
14:30:52 [INFO] wf_grid.pipeline.orchestrator:   Executing grid point 68/176 (atr54_m6.60_revers)
14:31:07 [INFO] wf_grid.pipeline.orchestrator:   Executing grid point 85/176 (atr55_m6.80_revers)
14:31:22 [INFO] wf_grid.pipeline.orchestrator:   Executing grid point 102/176 (atr56_m7.00_revers)
14:31:37 [INFO] wf_grid.pipeline.orchestrator:   Executing grid point 119/176 (atr57_m7.20_revers)
14:31:52 [INFO] wf_grid.pipeline.orchestrator:   Executing grid point 136/176 (atr58_m7.40_revers)
14:31:57 [INFO] wf_grid.pipeline.orchestrator:   Executing grid point 153/176 (atr59_m7.60_revers)
14:32:00 [INFO] wf_grid.pipeline.orchestrator:   Executing grid point 170/176 (atr60_m7.80_revers)
14:34:55 [INFO] wf_grid.logging_.diagnostics: ============================================================
14:34:55 [INFO] wf_grid.logging_.diagnostics: Pipeline Diagnostics Summary
14:34:55 [INFO] wf_grid.logging_.diagnostics: ============================================================
14:34:55 [INFO] wf_grid.logging_.diagnostics: Grid: 176 points \xd7 2 WF steps
14:34:55 [INFO] wf_grid.logging_.diagnostics: Step status distribution: {'ok': 325, 'invalid': 27}
14:34:55 [INFO] wf_grid.logging_.diagnostics: Tier distribution: {1: 149, 2: 27}
14:34:55 [INFO] wf_grid.logging_.diagnostics: Top 5 ranked:
14:34:55 [INFO] wf_grid.logging_.diagnostics:   {'grid_rank': 1, 'grid_point_id': 'atr55_m8.00_revers', 'tier': 1, 'tester_seed_score': 0.9745454545454545, 'sum_pnl_pct_Median': -0.746189, 'seed_gate_passed': True}
14:34:55 [INFO] wf_grid.logging_.diagnostics:   {'grid_rank': 2, 'grid_point_id': 'atr56_m8.00_revers', 'tier': 1, 'tester_seed_score': 0.9745454545454545, 'sum_pnl_pct_Median': -0.746189, 'seed_gate_passed': True}
14:34:55 [INFO] wf_grid.logging_.diagnostics:   {'grid_rank': 3, 'grid_point_id': 'atr60_m8.20_revers', 'tier': 1, 'tester_seed_score': 0.9745454545454545, 'sum_pnl_pct_Median': -0.746189, 'seed_gate_passed': True}
14:34:55 [INFO] wf_grid.logging_.diagnostics:   {'grid_rank': 4, 'grid_point_id': 'atr51_m8.00_revers', 'tier': 1, 'tester_seed_score': 0.9527272727272725, 'sum_pnl_pct_Median': -0.75875, 'seed_gate_passed': True}
14:34:55 [INFO] wf_grid.logging_.diagnostics:   {'grid_rank': 5, 'grid_point_id': 'atr52_m8.00_revers', 'tier': 1, 'tester_seed_score': 0.9527272727272725, 'sum_pnl_pct_Median': -0.75875, 'seed_gate_passed': True}
14:34:55 [INFO] wf_grid.logging_.diagnostics: Timing breakdown:
14:34:55 [INFO] wf_grid.logging_.diagnostics:   config_load: 0.01s
14:34:55 [INFO] wf_grid.logging_.diagnostics:   data_load: 0.18s
14:34:55 [INFO] wf_grid.logging_.diagnostics:   data_validation: 0.01s
14:34:55 [INFO] wf_grid.logging_.diagnostics:   ppy_resolve: 0.00s
14:34:55 [INFO] wf_grid.logging_.diagnostics:   warmup_resolve: 0.00s
14:34:55 [INFO] wf_grid.logging_.diagnostics:   zigzag_global_stats: 0.02s
14:34:55 [INFO] wf_grid.logging_.diagnostics:   wf_slicing: 0.00s
14:34:55 [INFO] wf_grid.logging_.diagnostics:   grid_enum: 0.00s
14:34:55 [INFO] wf_grid.logging_.diagnostics:   wf_grid_execution: 271.31s
14:34:55 [INFO] wf_grid.logging_.diagnostics:   collection: 0.01s
14:34:55 [INFO] wf_grid.logging_.diagnostics:   metric_contracts: 0.02s
14:34:55 [INFO] wf_grid.logging_.diagnostics:   bucket_matrix_median: 0.03s
14:34:55 [INFO] wf_grid.logging_.diagnostics:   step_gates: 0.00s
14:34:55 [INFO] wf_grid.logging_.diagnostics:   aggregation: 0.54s
14:34:55 [INFO] wf_grid.logging_.diagnostics:   candidate_gates: 0.00s
14:34:55 [INFO] wf_grid.logging_.diagnostics:   scoring: 0.01s
14:34:55 [INFO] wf_grid.logging_.diagnostics:   ranking: 0.01s
14:34:55 [INFO] wf_grid.logging_.diagnostics:   top1_trade_export_filter: 0.01s
14:34:55 [INFO] wf_grid.logging_.diagnostics:   summary_build: 0.02s
14:34:55 [INFO] wf_grid.logging_.diagnostics:   xlsx_export: 0.86s
14:34:55 [INFO] wf_grid.logging_.diagnostics: ============================================================
Config:  C:\3.1_wf_grid\config.yaml
Output:  C:\3.1_wf_grid\batch_smoke\config_20260507_143021.xlsx
Mode:    sequential (--sequential flag)


[OK] XLSX saved to: C:\3.1_wf_grid\batch_smoke\config_20260507_143021.xlsx

Grid:        176 points x 2 WF steps
Step status: {'ok': 325, 'invalid': 27}
Tier dist:   {1: 149, 2: 27}

Top-5 ranked:
  {'grid_rank': 1, 'grid_point_id': 'atr55_m8.00_revers', 'tier': 1, 'tester_seed_score': 0.9745454545454545, 'sum_pnl_pct_Median': -0.746189, 'seed_gate_passed': True}
  {'grid_rank': 2, 'grid_point_id': 'atr56_m8.00_revers', 'tier': 1, 'tester_seed_score': 0.9745454545454545, 'sum_pnl_pct_Median': -0.746189, 'seed_gate_passed': True}
  {'grid_rank': 3, 'grid_point_id': 'atr60_m8.20_revers', 'tier': 1, 'tester_seed_score': 0.9745454545454545, 'sum_pnl_pct_Median': -0.746189, 'seed_gate_passed': True}
  {'grid_rank': 4, 'grid_point_id': 'atr51_m8.00_revers', 'tier': 1, 'tester_seed_score': 0.9527272727272725, 'sum_pnl_pct_Median': -0.75875, 'seed_gate_passed': True}
  {'grid_rank': 5, 'grid_point_id': 'atr52_m8.00_revers', 'tier': 1, 'tester_seed_score': 0.9527272727272725, 'sum_pnl_pct_Median': -0.75875, 'seed_gate_passed': True}

Timing:
  config_load              : 0.01s
  data_load                : 0.18s
  data_validation          : 0.01s
  ppy_resolve              : 0.00s
  warmup_resolve           : 0.00s
  zigzag_global_stats      : 0.02s
  wf_slicing               : 0.00s
  grid_enum                : 0.00s
  wf_grid_execution        : 271.31s
  collection               : 0.01s
  metric_contracts         : 0.02s
  bucket_matrix_median     : 0.03s
  step_gates               : 0.00s
  aggregation              : 0.54s
  candidate_gates          : 0.00s
  scoring                  : 0.01s
  ranking                  : 0.01s
  top1_trade_export_filter : 0.01s
  summary_build            : 0.02s
  xlsx_export              : 0.86s
